[INFO] 2024/02/22 22:35:18 Request: POST /auth/forget
[INFO] 2024/02/22 22:35:23 Request: POST /auth/forget
[INFO] 2024/02/22 22:35:24 Request: POST /auth/forget
[INFO] 2024/02/22 22:36:15 Request: POST /auth/forget
[INFO] 2024/02/22 22:38:10 Request: POST /auth/forget
[INFO] 2024/02/22 22:38:13 Request: POST /auth/forget
[INFO] 2024/02/22 22:38:58 Request: POST /auth/forget
[INFO] 2024/02/22 22:39:04 Request: POST /auth/forget
[INFO] 2024/02/22 22:39:11 Request: POST /auth/forget
[INFO] 2024/02/22 22:39:15 Request: POST /auth/forget
[INFO] 2024/02/22 22:39:37 Request: POST /auth/forget
[INFO] 2024/02/22 22:39:39 Request: POST /auth/forget
[INFO] 2024/02/22 22:39:55 Request: POST /auth/forget
[INFO] 2024/02/22 22:40:07 Request: POST /auth/forget
[INFO] 2024/02/22 22:40:22 Request: POST /auth/forget
[INFO] 2024/02/22 22:40:46 Request: POST /auth/forget
[INFO] 2024/02/23 00:01:50 Request: POST /auth/forget
[INFO] 2024/02/23 00:02:36 Request: POST /auth/forget
[INFO] 2024/02/23 00:02:53 Request: POST /auth/forget
[INFO] 2024/02/23 00:03:15 Request: POST /auth/forget
[INFO] 2024/02/23 00:05:58 Request: POST /auth/forget
[INFO] 2024/02/23 00:07:01 Request: POST /auth/forget
[INFO] 2024/02/23 00:09:49 Request: POST /auth/forget
[INFO] 2024/02/23 00:12:16 Request: POST /auth/forget
[INFO] 2024/02/23 00:12:29 Request: POST /auth/forget
[INFO] 2024/02/23 00:12:30 Request: POST /auth/forget
[INFO] 2024/02/23 00:14:06 Request: POST /auth/forget
[INFO] 2024/02/23 00:14:08 Request: POST /auth/forget
[INFO] 2024/02/23 00:14:10 Request: POST /auth/forget
[INFO] 2024/02/23 00:16:01 Request: POST /auth/forget
[INFO] 2024/02/23 00:16:27 Request: POST /auth/forget
[INFO] 2024/02/23 00:17:47 Request: POST /auth/forget
[INFO] 2024/02/23 00:18:21 Request: POST /auth/forget
[INFO] 2024/02/23 00:20:07 Request: POST /auth/forget
[INFO] 2024/02/23 00:20:13 Request: POST /auth/forget
[INFO] 2024/02/23 00:20:14 Request: POST /auth/forget
[INFO] 2024/02/23 00:29:22 Request: POST /auth/forget
[INFO] 2024/02/23 00:29:24 Request: POST /auth/forget
[INFO] 2024/02/23 00:29:25 Request: POST /auth/forget
[INFO] 2024/02/23 00:29:46 Request: POST /auth/forget
[INFO] 2024/02/23 00:30:20 Request: POST /auth/forget
[INFO] 2024/02/23 00:31:12 Request: POST /auth/forget
[INFO] 2024/02/23 00:31:29 Request: POST /auth/forget
[INFO] 2024/02/23 00:32:00 Request: POST /auth/forget
[INFO] 2024/02/23 00:32:21 Request: POST /auth/forget
[INFO] 2024/02/23 10:54:37 Request: POST /auth/login
[INFO] 2024/02/23 10:55:03 Request: POST /auth/reset/eyJhbGciOiJIUzI1NiIsInR5cCI6IkpXVCJ9.eyJleHAiOjE3MDg2NzEyNzcsImlhdCI6IjIwMjQtMDItMjNUMTA6NTQ6MzcuMjg5MDU2NTIrMDc6MDAiLCJpc3MiOiJTRUFMQUJTIiwidWlkIjoxfQ.DbnZF8gpo4aPS_DP3CnpxztzqL1TpQEsRATkCkD_iEE
[INFO] 2024/02/23 10:55:40 Request: POST /auth/reset/eyJhbGciOiJIUzI1NiIsInR5cCI6IkpXVCJ9.eyJleHAiOjE3MDg2NzEyNzcsImlhdCI6IjIwMjQtMDItMjNUMTA6NTQ6MzcuMjg5MDU2NTIrMDc6MDAiLCJpc3MiOiJTRUFMQUJTIiwidWlkIjoxfQ.DbnZF8gpo4aPS_DP3CnpxztzqL1TpQEsRATkCkD_iEE
[INFO] 2024/02/23 10:55:44 Request: POST /auth/reset/eyJhbGciOiJIUzI1NiIsInR5cCI6IkpXVCJ9.eyJleHAiOjE3MDg2NzEyNzcsImlhdCI6IjIwMjQtMDItMjNUMTA6NTQ6MzcuMjg5MDU2NTIrMDc6MDAiLCJpc3MiOiJTRUFMQUJTIiwidWlkIjoxfQ.DbnZF8gpo4aPS_DP3CnpxztzqL1TpQEsRATkCkD_iEE
[INFO] 2024/02/23 10:56:13 Request: POST /auth/reset/eyJhbGciOiJIUzI1NiIsInR5cCI6IkpXVCJ9.eyJleHAiOjE3MDg2NzEyNzcsImlhdCI6IjIwMjQtMDItMjNUMTA6NTQ6MzcuMjg5MDU2NTIrMDc6MDAiLCJpc3MiOiJTRUFMQUJTIiwidWlkIjoxfQ.DbnZF8gpo4aPS_DP3CnpxztzqL1TpQEsRATkCkD_iEE
[INFO] 2024/02/23 10:56:39 Request: POST /auth/reset/eyJhbGciOiJIUzI1NiIsInR5cCI6IkpXVCJ9.eyJleHAiOjE3MDg2NzEyNzcsImlhdCI6IjIwMjQtMDItMjNUMTA6NTQ6MzcuMjg5MDU2NTIrMDc6MDAiLCJpc3MiOiJTRUFMQUJTIiwidWlkIjoxfQ.DbnZF8gpo4aPS_DP3CnpxztzqL1TpQEsRATkCkD_iEE
[INFO] 2024/02/23 11:13:57 Request: POST /auth/reset/eyJhbGciOiJIUzI1NiIsInR5cCI6IkpXVCJ9.eyJleHAiOjE3MDg2NzEyNzcsImlhdCI6IjIwMjQtMDItMjNUMTA6NTQ6MzcuMjg5MDU2NTIrMDc6MDAiLCJpc3MiOiJTRUFMQUJTIiwidWlkIjoxfQ.DbnZF8gpo4aPS_DP3CnpxztzqL1TpQEsRATkCkD_iEE
[INFO] 2024/02/23 11:14:37 Request: POST /auth/login
[INFO] 2024/02/23 11:14:47 Request: POST /auth/reset/eyJhbGciOiJIUzI1NiIsInR5cCI6IkpXVCJ9.eyJleHAiOjE3MDg2NzI0NzcsImlhdCI6IjIwMjQtMDItMjNUMTE6MTQ6MzcuOTc0MTE2ODU1KzA3OjAwIiwiaXNzIjoiU0VBTEFCUyIsInVpZCI6MX0.YgH-4qBPHx4qU9ip6jKUkaKdJMKGs671gfl2Bh3ayIM
[INFO] 2024/02/23 11:15:09 Request: POST /auth/forget
[INFO] 2024/02/23 11:15:28 Request: POST /auth/reset/eyJhbGciOiJIUzI1NiIsInR5cCI6IkpXVCJ9.eyJleHAiOjE3MDg2NzI1MDksImlhdCI6IjIwMjQtMDItMjNUMTE6MTU6MDkuMzc3MTMzMDcxKzA3OjAwIiwiaXNzIjoiU0VBTEFCUyIsInVpZCI6MX0.HSHwwP18iEFStnnSwcYHfJtHac337GW70HAP_OVHcvI
[INFO] 2024/02/23 11:15:57 Request: POST /auth/reset/eyJhbGciOiJIUzI1NiIsInR5cCI6IkpXVCJ9.eyJleHAiOjE3MDg2NzI1MDksImlhdCI6IjIwMjQtMDItMjNUMTE6MTU6MDkuMzc3MTMzMDcxKzA3OjAwIiwiaXNzIjoiU0VBTEFCUyIsInVpZCI6MX0.HSHwwP18iEFStnnSwcYHfJtHac337GW70HAP_OVHcvI
[INFO] 2024/02/23 11:16:21 Request: POST /auth/reset/eyJhbGciOiJIUzI1NiIsInR5cCI6IkpXVCJ9.eyJleHAiOjE3MDg2NzI1MDksImlhdCI6IjIwMjQtMDItMjNUMTE6MTU6MDkuMzc3MTMzMDcxKzA3OjAwIiwiaXNzIjoiU0VBTEFCUyIsInVpZCI6MX0.HSHwwP18iEFStnnSwcYHfJtHac337GW70HAP_OVHcvI
[INFO] 2024/02/23 11:16:35 Request: POST /auth/reset/eyJhbGciOiJIUzI1NiIsInR5cCI6IkpXVCJ9.eyJleHAiOjE3MDg2NzI1MDksImlhdCI6IjIwMjQtMDItMjNUMTE6MTU6MDkuMzc3MTMzMDcxKzA3OjAwIiwiaXNzIjoiU0VBTEFCUyIsInVpZCI6MX0.HSHwwP18iEFStnnSwcYHfJtHac337GW70HAP_OVHcvI
[INFO] 2024/02/23 11:16:59 Request: POST /auth/reset/eyJhbGciOiJIUzI1NiIsInR5cCI6IkpXVCJ9.eyJleHAiOjE3MDg2NzI1MDksImlhdCI6IjIwMjQtMDItMjNUMTE6MTU6MDkuMzc3MTMzMDcxKzA3OjAwIiwiaXNzIjoiU0VBTEFCUyIsInVpZCI6MX0.HSHwwP18iEFStnnSwcYHfJtHac337GW70HAP_OVHcvI
[INFO] 2024/02/23 11:17:22 Request: POST /auth/reset/eyJhbGciOiJIUzI1NiIsInR5cCI6IkpXVCJ9.eyJleHAiOjE3MDg2NzI1MDksImlhdCI6IjIwMjQtMDItMjNUMTE6MTU6MDkuMzc3MTMzMDcxKzA3OjAwIiwiaXNzIjoiU0VBTEFCUyIsInVpZCI6MX0.HSHwwP18iEFStnnSwcYHfJtHac337GW70HAP_OVHcvI
[INFO] 2024/02/23 11:18:22 Request: POST /auth/reset/eyJhbGciOiJIUzI1NiIsInR5cCI6IkpXVCJ9.eyJleHAiOjE3MDg2NzI1MDksImlhdCI6IjIwMjQtMDItMjNUMTE6MTU6MDkuMzc3MTMzMDcxKzA3OjAwIiwiaXNzIjoiU0VBTEFCUyIsInVpZCI6MX0.HSHwwP18iEFStnnSwcYHfJtHac337GW70HAP_OVHcvI
[INFO] 2024/02/23 11:19:25 Request: POST /auth/reset/eyJhbGciOiJIUzI1NiIsInR5cCI6IkpXVCJ9.eyJleHAiOjE3MDg2NzI1MDksImlhdCI6IjIwMjQtMDItMjNUMTE6MTU6MDkuMzc3MTMzMDcxKzA3OjAwIiwiaXNzIjoiU0VBTEFCUyIsInVpZCI6MX0.HSHwwP18iEFStnnSwcYHfJtHac337GW70HAP_OVHcvI
[INFO] 2024/02/23 11:19:40 Request: POST /auth/login
[INFO] 2024/02/23 11:19:47 Request: POST /auth/login
[INFO] 2024/02/23 11:20:20 Request: POST /auth/forget
[INFO] 2024/02/23 11:21:35 Request: POST /auth/reset/eyJhbGciOiJIUzI1NiIsInR5cCI6IkpXVCJ9.eyJleHAiOjE3MDg2NzI4MjAsImlhdCI6IjIwMjQtMDItMjNUMTE6MjA6MjAuMzkwNTcyODg5KzA3OjAwIiwiaXNzIjoiU0VBTEFCUyIsInVpZCI6MX0.5vPVZ95NZnci1mZkfJ7x-D7pZbj0HIYtYA8wU0BMKzY
[INFO] 2024/02/23 11:21:38 Request: POST /auth/reset/eyJhbGciOiJIUzI1NiIsInR5cCI6IkpXVCJ9.eyJleHAiOjE3MDg2NzI4MjAsImlhdCI6IjIwMjQtMDItMjNUMTE6MjA6MjAuMzkwNTcyODg5KzA3OjAwIiwiaXNzIjoiU0VBTEFCUyIsInVpZCI6MX0.5vPVZ95NZnci1mZkfJ7x-D7pZbj0HIYtYA8wU0BMKzY
[INFO] 2024/02/23 11:21:40 Request: POST /auth/reset/eyJhbGciOiJIUzI1NiIsInR5cCI6IkpXVCJ9.eyJleHAiOjE3MDg2NzI4MjAsImlhdCI6IjIwMjQtMDItMjNUMTE6MjA6MjAuMzkwNTcyODg5KzA3OjAwIiwiaXNzIjoiU0VBTEFCUyIsInVpZCI6MX0.5vPVZ95NZnci1mZkfJ7x-D7pZbj0HIYtYA8wU0BMKzY
[INFO] 2024/02/23 11:21:47 Request: POST /auth/reset/eyJhbGciOiJIUzI1NiIsInR5cCI6IkpXVCJ9.eyJleHAiOjE3MDg2NzI4MjAsImlhdCI6IjIwMjQtMDItMjNUMTE6MjA6MjAuMzkwNTcyODg5KzA3OjAwIiwiaXNzIjoiU0VBTEFCUyIsInVpZCI6MX0.5vPVZ95NZnci1mZkfJ7x-D7pZbj0HIYtYA8wU0BMKzY
[INFO] 2024/02/23 11:22:17 Request: POST /auth/reset/eyJhbGciOiJIUzI1NiIsInR5cCI6IkpXVCJ9.eyJleHAiOjE3MDg2NzI4MjAsImlhdCI6IjIwMjQtMDItMjNUMTE6MjA6MjAuMzkwNTcyODg5KzA3OjAwIiwiaXNzIjoiU0VBTEFCUyIsInVpZCI6MX0.5vPVZ95NZnci1mZkfJ7x-D7pZbj0HIYtYA8wU0BMKzY
[INFO] 2024/02/23 11:22:22 Request: POST /auth/reset/eyJhbGciOiJIUzI1NiIsInR5cCI6IkpXVCJ9.eyJleHAiOjE3MDg2NzI4MjAsImlhdCI6IjIwMjQtMDItMjNUMTE6MjA6MjAuMzkwNTcyODg5KzA3OjAwIiwiaXNzIjoiU0VBTEFCUyIsInVpZCI6MX0.5vPVZ95NZnci1mZkfJ7x-D7pZbj0HIYtYA8wU0BMKzY
[INFO] 2024/02/23 11:22:23 Request: POST /auth/reset/eyJhbGciOiJIUzI1NiIsInR5cCI6IkpXVCJ9.eyJleHAiOjE3MDg2NzI4MjAsImlhdCI6IjIwMjQtMDItMjNUMTE6MjA6MjAuMzkwNTcyODg5KzA3OjAwIiwiaXNzIjoiU0VBTEFCUyIsInVpZCI6MX0.5vPVZ95NZnci1mZkfJ7x-D7pZbj0HIYtYA8wU0BMKzY
[INFO] 2024/02/23 11:22:40 Request: POST /auth/reset/eyJhbGciOiJIUzI1NiIsInR5cCI6IkpXVCJ9.eyJleHAiOjE3MDg2NzI4MjAsImlhdCI6IjIwMjQtMDItMjNUMTE6MjA6MjAuMzkwNTcyODg5KzA3OjAwIiwiaXNzIjoiU0VBTEFCUyIsInVpZCI6MX0.5vPVZ95NZnci1mZkfJ7x-D7pZbj0HIYtYA8wU0BMKzY
[INFO] 2024/02/23 11:23:01 Request: POST /auth/reset/eyJhbGciOiJIUzI1NiIsInR5cCI6IkpXVCJ9.eyJleHAiOjE3MDg2NzI4MjAsImlhdCI6IjIwMjQtMDItMjNUMTE6MjA6MjAuMzkwNTcyODg5KzA3OjAwIiwiaXNzIjoiU0VBTEFCUyIsInVpZCI6MX0.5vPVZ95NZnci1mZkfJ7x-D7pZbj0HIYtYA8wU0BMKzY
[INFO] 2024/02/23 11:23:34 Request: POST /auth/reset/eyJhbGciOiJIUzI1NiIsInR5cCI6IkpXVCJ9.eyJleHAiOjE3MDg2NzI4MjAsImlhdCI6IjIwMjQtMDItMjNUMTE6MjA6MjAuMzkwNTcyODg5KzA3OjAwIiwiaXNzIjoiU0VBTEFCUyIsInVpZCI6MX0.5vPVZ95NZnci1mZkfJ7x-D7pZbj0HIYtYA8wU0BMKzY
[INFO] 2024/02/23 11:24:11 Request: POST /auth/reset/eyJhbGciasdqweasdqweasdqwe
[INFO] 2024/02/23 11:26:07 Request: POST /auth/reset/eyJhbGciasdqweasdqweasdqwe
[INFO] 2024/02/23 11:26:53 Request: POST /auth/reset/eyJhbGciasdqweasdqweasdqwe
[INFO] 2024/02/23 11:26:58 Request: POST /auth/reset/eyJhbGciOiJIUzI1NiIsInR5cCI6IkpXVCJ9.eyJleHAiOjE3MDg2NzI4MjAsImlhdCI6IjIwMjQtMDItMjNUMTE6MjA6MjAuMzkwNTcyODg5KzA3OjAwIiwiaXNzIjoiU0VBTEFCUyIsInVpZCI6MX0.5vPVZ95NZnci1mZkfJ7x-D7pZbj0HIYtYA8wU0BMKzY
[INFO] 2024/02/23 11:27:08 Request: POST /auth/login
[INFO] 2024/02/23 11:27:11 Request: POST /auth/login
[INFO] 2024/02/23 11:42:18 Request: POST /wallet/topup
[INFO] 2024/02/23 11:42:21 Request: POST /wallet/topup
[INFO] 2024/02/23 11:42:26 Request: POST /wallet/topup
[INFO] 2024/02/23 11:42:29 Request: POST /wallet/topup
[INFO] 2024/02/23 11:43:34 Request: POST /wallet/topup
[INFO] 2024/02/23 11:43:35 Request: POST /wallet/topup
[INFO] 2024/02/23 11:43:36 Request: POST /wallet/topup
[INFO] 2024/02/23 11:43:38 Request: POST /wallet/topup
[INFO] 2024/02/23 11:43:38 Request: POST /wallet/topup
[INFO] 2024/02/23 11:43:39 Request: POST /wallet/topup
[INFO] 2024/02/23 11:43:39 Request: POST /wallet/topup
[INFO] 2024/02/23 11:43:40 Request: POST /wallet/topup
[INFO] 2024/02/23 11:43:41 Request: POST /wallet/topup
[INFO] 2024/02/23 11:43:41 Request: POST /wallet/topup
[INFO] 2024/02/23 11:43:42 Request: POST /wallet/topup
[INFO] 2024/02/23 11:43:42 Request: POST /wallet/topup
[INFO] 2024/02/23 11:43:43 Request: POST /wallet/topup
[INFO] 2024/02/23 11:43:44 Request: POST /wallet/topup
[INFO] 2024/02/23 11:51:07 Request: POST /wallet/topup
[INFO] 2024/02/23 11:51:25 Request: POST /auth/login
[INFO] 2024/02/23 11:51:37 Request: POST /wallet/topup
[INFO] 2024/02/23 11:51:59 Request: POST /wallet/topup
[INFO] 2024/02/23 11:52:24 Request: POST /wallet/topup
[INFO] 2024/02/23 11:52:40 Request: POST /wallet/topup
[INFO] 2024/02/23 11:52:51 Request: POST /wallet/topup
[INFO] 2024/02/23 11:53:10 Request: POST /wallet/topup
[INFO] 2024/02/23 11:53:51 Request: POST /wallet/topup
[INFO] 2024/02/23 11:54:10 Request: POST /wallet/topup
[INFO] 2024/02/23 11:54:29 Request: POST /auth/login
[INFO] 2024/02/23 11:54:36 Request: POST /auth/login
[INFO] 2024/02/23 11:54:48 Request: POST /wallet/topup
[INFO] 2024/02/23 11:55:01 Request: POST /wallet/topup
[INFO] 2024/02/23 11:56:01 Request: POST /wallet/topup
[INFO] 2024/02/23 11:56:13 Request: POST /wallet/topup
[INFO] 2024/02/23 11:56:36 Request: POST /wallet/topup
[INFO] 2024/02/23 11:57:45 Request: POST /wallet/topup
[INFO] 2024/02/23 11:57:47 Request: POST /wallet/topup
[INFO] 2024/02/23 11:57:50 Request: POST /wallet/topup
[INFO] 2024/02/23 11:58:12 Request: POST /wallet/topup
[INFO] 2024/02/23 11:58:14 Request: POST /wallet/topup
[INFO] 2024/02/23 11:58:25 Request: POST /wallet/topup
[INFO] 2024/02/23 11:58:29 Request: POST /wallet/topup
[INFO] 2024/02/23 11:58:33 Request: POST /wallet/topup
[INFO] 2024/02/23 12:35:59 Request: POST /auth/register
[INFO] 2024/02/23 12:36:05 Request: POST /auth/register
[INFO] 2024/02/23 12:55:53 Request: POST /auth/login
[INFO] 2024/02/23 12:56:03 Request: POST /auth/login
[INFO] 2024/02/23 12:56:21 Request: POST /wallet/8/topup
[INFO] 2024/02/23 12:56:27 Request: POST /wallet/8/topup
[INFO] 2024/02/23 12:56:32 Request: POST /wallet/8/topup
[INFO] 2024/02/23 12:57:46 Request: POST /wallet/8/topup
[INFO] 2024/02/23 12:58:42 Request: POST /wallet/1/topup
[INFO] 2024/02/23 12:59:00 Request: POST /wallet/100/topup
[INFO] 2024/02/23 12:59:26 Request: POST /wallet/8/topup
[INFO] 2024/02/23 12:59:51 Request: POST /wallet/8/topup
[INFO] 2024/02/23 12:59:59 Request: POST /wallet/8/topup
[INFO] 2024/02/23 13:00:16 Request: POST /wallet/8/topup
[INFO] 2024/02/23 13:00:36 Request: POST /wallet/8/topup
[INFO] 2024/02/23 13:00:58 Request: POST /wallet/8/topup
[INFO] 2024/02/23 13:01:11 Request: POST /wallet/8/topup
[INFO] 2024/02/23 13:01:36 Request: POST /wallet/8/topup
[INFO] 2024/02/23 13:01:48 Request: POST /wallet/8/topup
[INFO] 2024/02/23 13:16:39 Request: POST /wallet/8/transfer
[INFO] 2024/02/23 13:18:50 Request: POST /wallet/8/transfer
[INFO] 2024/02/23 13:19:17 Request: POST /wallet/1/transfer
[INFO] 2024/02/23 13:19:25 Request: POST /wallet/1/transfer
[INFO] 2024/02/23 13:22:40 Request: POST /wallet/1/transfer
[INFO] 2024/02/23 13:22:51 Request: POST /wallet/1/transfer
[INFO] 2024/02/23 13:22:59 Request: POST /wallet/8/transfer
[INFO] 2024/02/23 13:25:50 Request: POST /wallet/8/transfer
[INFO] 2024/02/23 13:26:36 Request: POST /wallet/8/transfer
[INFO] 2024/02/23 13:27:02 Request: POST /wallet/8/transfer
[INFO] 2024/02/23 13:28:11 Request: POST /wallet/8/transfer
[INFO] 2024/02/23 13:29:07 Request: POST /wallet/8/transfer
[INFO] 2024/02/23 13:29:22 Request: POST /wallet/8/transfer
[INFO] 2024/02/23 13:29:56 Request: POST /wallet/8/transfer
[INFO] 2024/02/23 13:30:39 Request: POST /wallet/8/transfer
[INFO] 2024/02/23 13:31:02 Request: POST /wallet/8/transfer
[INFO] 2024/02/23 13:31:15 Request: POST /wallet/8/transfer
[INFO] 2024/02/23 13:32:37 Request: POST /wallet/8/transfer
[INFO] 2024/02/23 13:32:47 Request: POST /wallet/8/transfer
[INFO] 2024/02/23 13:33:17 Request: POST /wallet/8/transfer
[INFO] 2024/02/23 13:34:39 Request: POST /wallet/8/transfer
[INFO] 2024/02/23 13:34:55 Request: POST /wallet/8/transfer
[INFO] 2024/02/23 13:36:33 Request: POST /wallet/8/transfer
[INFO] 2024/02/23 13:36:47 Request: POST /wallet/8/transfer
[INFO] 2024/02/23 13:37:14 Request: POST /wallet/8/transfer
[INFO] 2024/02/23 13:37:19 Request: POST /wallet/8/transfer
[INFO] 2024/02/23 13:37:25 Request: POST /wallet/8/transfer
[INFO] 2024/02/23 13:38:55 Request: POST /wallet/8/transfer
[INFO] 2024/02/23 13:39:31 Request: POST /wallet/8/transfer
[INFO] 2024/02/23 13:39:37 Request: POST /wallet/8/transfer
[INFO] 2024/02/23 13:39:40 Request: POST /wallet/8/transfer
[INFO] 2024/02/23 13:39:51 Request: POST /wallet/8/transfer
[INFO] 2024/02/23 13:40:02 Request: POST /wallet/8/transfer
[INFO] 2024/02/23 13:40:14 Request: POST /wallet/80/transfer
[INFO] 2024/02/23 13:40:49 Request: POST /wallet/8/transfer
[INFO] 2024/02/23 13:51:08 Request: POST /auth/forget
[INFO] 2024/02/23 13:51:14 Request: POST /auth/forget
[INFO] 2024/02/23 13:51:40 Request: POST /auth/reset/eyJhbGciOiJIUzI1NiIsInR5cCI6IkpXVCJ9.eyJleHAiOjE3MDg2ODE4NjgsImlhdCI6IjIwMjQtMDItMjNUMTM6NTE6MDguMjExNjA1ODI3KzA3OjAwIiwiaXNzIjoiU0VBTEFCUyIsInVpZCI6OH0.IH8dYZepb3mb4EthTDGeb_UM06AiZD96jLwGrzoas90
[INFO] 2024/02/23 13:52:33 Request: POST /auth/reset/eyJhbGciOiJIUzI1NiIsInR5cCI6IkpXVCJ9.eyJleHAiOjE3MDg2ODE4NzQsImlhdCI6IjIwMjQtMDItMjNUMTM6NTE6MTQuNzY3NDQ0NTQ3KzA3OjAwIiwiaXNzIjoiU0VBTEFCUyIsInVpZCI6OH0.6B_09lHwRXQlY8TGbIEGnQnFqWAHA_lM8e7ZJluKJII
[INFO] 2024/02/23 13:52:45 Request: POST /auth/reset/eyJhbGciOiJIUzI1NiIsInR5cCI6IkpXVCJ9.eyJleHAiOjE3MDg2ODE4NzQsImlhdCI6IjIwMjQtMDItMjNUMTM6NTE6MTQuNzY3NDQ0NTQ3KzA3OjAwIiwiaXNzIjoiU0VBTEFCUyIsInVpZCI6OH0.6B_09lHwRXQlY8TGbIEGnQnFqWAHA_lM8e7ZJluKJII
[INFO] 2024/02/23 13:52:59 Request: POST /auth/reset/eyJhbGciOiJIUzI1NiIsInR5cCI6IkpXVCJ9.eyJleHAiOjE3MDg2ODE4NzQsImlhdCI6IjIwMjQtMDItMjNUMTM6NTE6MTQuNzY3NDQ0NTQ3KzA3OjAwIiwiaXNzIjoiU0VBTEFCUyIsInVpZCI6OH0.6B_09lHwRXQlY8TGbIEGnQnFqWAHA_lM8e7ZJluKJII
[INFO] 2024/02/23 13:53:05 Request: POST /auth/login
[INFO] 2024/02/23 13:53:15 Request: POST /auth/reset/eyJhbGciOiJIUzI1NiIsInR5cCI6IkpXVCJ9.eyJleHAiOjE3MDg2ODE4NzQsImlhdCI6IjIwMjQtMDItMjNUMTM6NTE6MTQuNzY3NDQ0NTQ3KzA3OjAwIiwiaXNzIjoiU0VBTEFCUyIsInVpZCI6OH0.6B_09lHwRXQlY8TGbIEGnQnFqWAHA_lM8e7ZJluKJII
[INFO] 2024/02/23 13:54:14 Request: POST /auth/reset/eyJhbGciOiJIUzI1NiIsInR5cCI6IkpXVCJ9.eyJleHAiOjE3MDg2ODE4NzQsImlhdCI6IjIwMjQtMDItMjNUMTM6NTE6MTQuNzY3NDQ0NTQ3KzA3OjAwIiwiaXNzIjoiU0VBTEFCUyIsInVpZCI6OH0.6B_09lHwRXQlY8TGbIEGnQnFqWAHA_lM8e7ZJluKJII
[INFO] 2024/02/23 13:54:18 Request: POST /auth/reset/eyJhbGciOiJIUzI1NiIsInR5cCI6IkpXVCJ9.eyJleHAiOjE3MDg2ODE4NzQsImlhdCI6IjIwMjQtMDItMjNUMTM6NTE6MTQuNzY3NDQ0NTQ3KzA3OjAwIiwiaXNzIjoiU0VBTEFCUyIsInVpZCI6OH0.6B_09lHwRXQlY8TGbIEGnQnFqWAHA_lM8e7ZJluKJII
[INFO] 2024/02/23 13:54:49 Request: POST /auth/forget
[INFO] 2024/02/23 13:54:57 Request: POST /auth/reset/eyJhbGciOiJIUzI1NiIsInR5cCI6IkpXVCJ9.eyJleHAiOjE3MDg2ODIwODksImlhdCI6IjIwMjQtMDItMjNUMTM6NTQ6NDkuMjAyNjE0MDY4KzA3OjAwIiwiaXNzIjoiU0VBTEFCUyIsInVpZCI6OH0.r_AArFmCNexQPmXjsj7VAYGmVoN3wPrTOk7NXAYWqasasd
[INFO] 2024/02/23 13:55:13 Request: POST /auth/reset/eyJhbGciOiJIUzI1NiIsInR5cCI6IkpXVCJ9.eyJleHAiOjE3MDg2ODIwODksImlhdCI6IjIwMjQtMDItMjNUMTM6NTQ6NDkuMjAyNjE0MDY4KzA3OjAwIiwiaXNzIjoiU0VBTEFCUyIsInVpZCI6OH0.r_AArFmCNexQPmXjsj7VAYGmVoN3wPrTOk7NXAYWqasa
[INFO] 2024/02/23 13:55:16 Request: POST /auth/reset/eyJhbGciOiJIUzI1NiIsInR5cCI6IkpXVCJ9.eyJleHAiOjE3MDg2ODIwODksImlhdCI6IjIwMjQtMDItMjNUMTM6NTQ6NDkuMjAyNjE0MDY4KzA3OjAwIiwiaXNzIjoiU0VBTEFCUyIsInVpZCI6OH0.r_AArFmCNexQPmXjsj7VAYGmVoN3wPrTOk7NXAYWqad
[INFO] 2024/02/23 13:55:20 Request: POST /auth/reset/eyJhbGciOiJIUzI1NiIsInR5cCI6IkpXVCJ9.eyJleHAiOjE3MDg2ODIwODksImlhdCI6IjIwMjQtMDItMjNUMTM6NTQ6NDkuMjAyNjE0MDY4KzA3OjAwIiwiaXNzIjoiU0VBTEFCUyIsInVpZCI6OH0.r_AArFmCNexQPmXjsj7VAYGmVoN3wPrTOk7NXAYWqas
[INFO] 2024/02/23 13:55:26 Request: POST /auth/reset/eyJhbGciOiJIUzI1NiIsInR5cCI6IkpXVCJ9.eyJleHAiOjE3MDg2ODIwODksImlhdCI6IjIwMjQtMDItMjNUMTM6NTQ6NDkuMjAyNjE0MDY4KzA3OjAwIiwiaXNzIjoiU0VBTEFCUyIsInVpZCI6OH0.r_AArFmCNexQPmXjsj7VAYGmVoN3wPrTOk7NXAYWqas
[INFO] 2024/02/23 13:55:30 Request: POST /auth/forget
[INFO] 2024/02/23 13:55:38 Request: POST /auth/reset/eyJhbGciOiJIUzI1NiIsInR5cCI6IkpXVCJ9.eyJleHAiOjE3MDg2ODIxMzEsImlhdCI6IjIwMjQtMDItMjNUMTM6NTU6MzEuMDEwOTM4NDQrMDc6MDAiLCJpc3MiOiJTRUFMQUJTIiwidWlkIjo4fQ.PGlP_05wrCuIqRKswZ8_woS59LzOYG3FeZ7yW-TRtvM
[INFO] 2024/02/23 13:55:42 Request: POST /auth/login
[INFO] 2024/02/23 13:55:43 Request: POST /auth/login
[INFO] 2024/02/23 13:55:49 Request: POST /auth/forget
[INFO] 2024/02/23 13:56:02 Request: POST /auth/reset/eyJhbGciOiJIUzI1NiIsInR5cCI6IkpXVCJ9.eyJleHAiOjE3MDg2ODIxNDksImlhdCI6IjIwMjQtMDItMjNUMTM6NTU6NDkuODI2NTAzNzg3KzA3OjAwIiwiaXNzIjoiU0VBTEFCUyIsInVpZCI6OH0.cslHLywKSKwBjGx1N4bNLCcSsZ7V36X4d-8BlMyQ5qw
[INFO] 2024/02/23 14:06:34 Request: GET /users/6
[INFO] 2024/02/23 14:06:42 Request: POST /auth/login
[INFO] 2024/02/23 14:06:47 Request: GET /users/8
[INFO] 2024/02/23 14:07:12 Request: GET /users/80
[INFO] 2024/02/23 14:07:14 Request: GET /users/8
[INFO] 2024/02/23 16:22:29 Request: GET /wallet/8/transactions
[INFO] 2024/02/23 16:23:18 Request: GET /wallet/8/transactions
[INFO] 2024/02/23 16:23:57 Request: GET /wallet/8/transactions
[INFO] 2024/02/23 16:24:25 Request: GET /wallet/8/transactions
[INFO] 2024/02/23 16:25:56 Request: GET /wallet/8/transactions
[INFO] 2024/02/23 16:27:02 Request: GET /wallet/8/transactions
[INFO] 2024/02/23 16:27:10 Request: GET /wallet/8/transactions
[INFO] 2024/02/23 16:27:40 Request: GET /wallet/8/transactions
[INFO] 2024/02/23 16:29:29 Request: GET /wallet/8/transactions
[INFO] 2024/02/23 16:29:47 Request: GET /wallet/8/transactions
[INFO] 2024/02/23 16:30:25 Request: GET /wallet/8/transactions
[INFO] 2024/02/23 16:37:24 Request: GET /wallet/8/transactions
[INFO] 2024/02/23 16:46:06 Request: GET /wallet/8/transactions
[INFO] 2024/02/23 16:46:48 Request: GET /wallet/8/transactions
[INFO] 2024/02/23 16:47:23 Request: GET /wallet/8/transactions
[INFO] 2024/02/23 16:47:44 Request: GET /wallet/8/transactions
[INFO] 2024/02/23 16:48:00 Request: GET /wallet/8/transactions
[INFO] 2024/02/23 16:48:08 Request: GET /wallet/8/transactions
[INFO] 2024/02/23 16:54:55 Request: GET /wallet/8/transactions
[INFO] 2024/02/23 16:58:20 Request: GET /wallet/8/transactions
[INFO] 2024/02/23 16:58:33 Request: GET /wallet/8/transactions
[INFO] 2024/02/23 16:59:25 Request: POST /auth/login
[INFO] 2024/02/23 16:59:50 Request: POST /wallet/9/topup
[INFO] 2024/02/23 17:00:23 Request: POST /wallet/9/transfer
[INFO] 2024/02/23 17:00:50 Request: GET /wallet/8/transactions
[INFO] 2024/02/23 17:01:09 Request: GET /wallet/8/transactions
[INFO] 2024/02/23 17:02:11 Request: GET /wallet/8/transactions
[INFO] 2024/02/23 17:02:31 Request: GET /wallet/8/transactions
[INFO] 2024/02/23 17:05:54 Request: GET /wallet/8/transactions
[INFO] 2024/02/23 17:05:57 Request: GET /wallet/8/transactions
[INFO] 2024/02/23 17:12:08 Request: GET /wallet/8/transactions
[INFO] 2024/02/23 17:12:16 Request: GET /wallet/8/transactions
[INFO] 2024/02/23 17:12:52 Request: GET /wallet/8/transactions
[INFO] 2024/02/23 17:16:20 Request: GET /wallet/8/transactions
[INFO] 2024/02/23 17:16:38 Request: GET /wallet/8/transactions
[INFO] 2024/02/23 17:17:03 Request: GET /wallet/8/transactions
[INFO] 2024/02/23 17:17:26 Request: GET /wallet/8/transactions
[INFO] 2024/02/23 17:17:30 Request: GET /wallet/8/transactions
[INFO] 2024/02/23 17:17:33 Request: GET /wallet/8/transactions
[INFO] 2024/02/23 17:17:43 Request: GET /wallet/8/transactions
[INFO] 2024/02/23 17:19:52 Request: GET /wallet/8/transactions
[INFO] 2024/02/23 17:20:35 Request: GET /wallet/8/transactions
[INFO] 2024/02/23 17:20:55 Request: GET /wallet/8/transactions
[INFO] 2024/02/23 17:21:34 Request: GET /wallet/8/transactions
[INFO] 2024/02/23 17:21:44 Request: GET /wallet/8/transactions
[INFO] 2024/02/23 17:21:46 Request: GET /wallet/8/transactions
[INFO] 2024/02/23 17:21:53 Request: GET /wallet/8/transactions
[INFO] 2024/02/23 17:21:54 Request: GET /wallet/8/transactions
[INFO] 2024/02/23 17:22:41 Request: GET /wallet/8/transactions
[INFO] 2024/02/23 17:22:43 Request: GET /wallet/8/transactions
[INFO] 2024/02/23 17:23:01 Request: GET /wallet/8/transactions
[INFO] 2024/02/23 17:23:12 Request: GET /wallet/8/transactions
[INFO] 2024/02/23 17:23:13 Request: GET /wallet/8/transactions
[INFO] 2024/02/23 17:23:37 Request: GET /wallet/8/transactions
[INFO] 2024/02/23 17:24:40 Request: GET /wallet/8/transactions
[INFO] 2024/02/23 17:25:06 Request: GET /wallet/8/transactions
[INFO] 2024/02/23 17:25:26 Request: GET /wallet/8/transactions
[INFO] 2024/02/23 17:26:17 Request: GET /wallet/8/transactions
[INFO] 2024/02/23 17:26:30 Request: GET /wallet/8/transactions
[INFO] 2024/02/23 17:28:10 Request: GET /wallet/8/transactions
[INFO] 2024/02/23 17:28:23 Request: GET /wallet/8/transactions
[INFO] 2024/02/23 17:30:26 Request: GET /wallet/8/transactions
[INFO] 2024/02/23 17:32:08 Request: GET /wallet/8/transactions
[INFO] 2024/02/23 17:33:08 Request: GET /wallet/8/transactions
[INFO] 2024/02/23 17:33:27 Request: GET /wallet/8/transactions
[INFO] 2024/02/23 17:33:55 Request: GET /wallet/8/transactions
[INFO] 2024/02/23 17:34:15 Request: GET /wallet/8/transactions
[INFO] 2024/02/23 17:34:35 Request: GET /wallet/8/transactions
[INFO] 2024/02/23 17:35:06 Request: GET /wallet/8/transactions
[INFO] 2024/02/23 17:35:09 Request: GET /wallet/8/transactions
[INFO] 2024/02/23 17:36:30 Request: GET /wallet/8/transactions
[INFO] 2024/02/23 17:37:21 Request: GET /wallet/8/transactions
[INFO] 2024/02/23 17:37:50 Request: GET /wallet/8/transactions
[INFO] 2024/02/23 17:38:59 Request: GET /wallet/8/transactions
[INFO] 2024/02/23 17:39:02 Request: GET /wallet/8/transactions
[INFO] 2024/02/23 17:42:53 Request: GET /wallet/8/transactions
[INFO] 2024/02/23 17:43:57 Request: GET /wallet/8/transactions
[INFO] 2024/02/23 17:44:50 Request: GET /wallet/8/transactions
[INFO] 2024/02/23 17:45:48 Request: GET /wallet/8/transactions
[INFO] 2024/02/23 17:46:05 Request: GET /wallet/8/transactions
[INFO] 2024/02/23 17:46:25 Request: GET /wallet/8/transactions
[INFO] 2024/02/23 17:47:55 Request: GET /wallet/8/transactions
[INFO] 2024/02/23 17:48:34 Request: GET /wallet/8/transactions
[INFO] 2024/02/23 17:48:44 Request: GET /wallet/8/transactions
[INFO] 2024/02/23 17:50:47 Request: GET /wallet/8/transactions
[INFO] 2024/02/23 17:51:00 Request: GET /wallet/8/transactions
[INFO] 2024/02/23 17:51:05 Request: GET /wallet/8/transactions
[INFO] 2024/02/23 17:53:03 Request: GET /wallet/8/transactions
[INFO] 2024/02/23 17:54:45 Request: GET /wallet/8/transactions
[INFO] 2024/02/23 17:54:49 Request: GET /wallet/8/transactions
[INFO] 2024/02/23 17:55:15 Request: GET /wallet/8/transactions
[INFO] 2024/02/23 17:55:37 Request: GET /wallet/8/transactions
[INFO] 2024/02/23 17:55:52 Request: GET /wallet/8/transactions
[INFO] 2024/02/23 17:57:12 Request: GET /wallet/8/transactions
[INFO] 2024/02/23 17:57:15 Request: GET /wallet/8/transactions
[INFO] 2024/02/23 17:57:33 Request: GET /wallet/8/transactions
[INFO] 2024/02/23 17:57:54 Request: GET /wallet/8/transactions
[INFO] 2024/02/23 17:59:20 Request: GET /wallet/8/transactions
[INFO] 2024/02/23 18:00:36 Request: GET /wallet/8/transactions
[INFO] 2024/02/23 18:00:40 Request: GET /wallet/8/transactions
[INFO] 2024/02/23 18:01:14 Request: GET /wallet/8/transactions
[INFO] 2024/02/23 18:01:20 Request: GET /wallet/8/transactions
[INFO] 2024/02/23 18:03:13 Request: GET /wallet/8/transactions
[INFO] 2024/02/23 18:03:27 Request: GET /wallet/8/transactions
[INFO] 2024/02/23 18:05:14 Request: GET /wallet/8/transactions
[INFO] 2024/02/23 18:05:36 Request: GET /wallet/8/transactions
[INFO] 2024/02/23 18:05:40 Request: GET /wallet/8/transactions
[INFO] 2024/02/23 18:07:14 Request: GET /wallet/8/transactions
[INFO] 2024/02/23 18:07:52 Request: GET /wallet/8/transactions
[INFO] 2024/02/23 18:08:36 Request: GET /wallet/8/transactions
[INFO] 2024/02/23 18:08:43 Request: GET /wallet/8/transactions
[INFO] 2024/02/23 18:08:52 Request: GET /wallet/8/transactions
[INFO] 2024/02/23 18:09:53 Request: GET /wallet/8/transactions
[INFO] 2024/02/23 18:10:21 Request: GET /wallet/8/transactions
[INFO] 2024/02/23 18:11:04 Request: GET /wallet/8/transactions
[INFO] 2024/02/23 18:11:08 Request: GET /wallet/8/transactions
[INFO] 2024/02/23 18:12:05 Request: GET /wallet/8/transactions
[INFO] 2024/02/23 18:12:10 Request: GET /wallet/8/transactions
[INFO] 2024/02/23 18:12:13 Request: GET /wallet/8/transactions
[INFO] 2024/02/23 18:12:15 Request: GET /wallet/8/transactions
[INFO] 2024/02/23 18:12:17 Request: GET /wallet/8/transactions
[INFO] 2024/02/23 18:12:42 Request: GET /wallet/8/transactions
[INFO] 2024/02/23 18:12:44 Request: GET /wallet/8/transactions
[INFO] 2024/02/23 18:12:46 Request: GET /wallet/8/transactions
[INFO] 2024/02/23 18:12:51 Request: GET /wallet/8/transactions
[INFO] 2024/02/23 18:12:53 Request: GET /wallet/8/transactions
[INFO] 2024/02/23 18:13:49 Request: GET /wallet/8/transactions
[INFO] 2024/02/23 18:14:03 Request: GET /wallet/8/transactions
[INFO] 2024/02/23 18:14:10 Request: GET /wallet/8/transactions
[INFO] 2024/02/23 18:14:12 Request: GET /wallet/8/transactions
[INFO] 2024/02/23 18:14:24 Request: GET /wallet/8/transactions
[INFO] 2024/02/23 18:15:43 Request: GET /wallet/8/transactions
[INFO] 2024/02/23 18:15:51 Request: GET /wallet/8/transactions
[INFO] 2024/02/23 18:15:53 Request: GET /wallet/8/transactions
[INFO] 2024/02/23 18:16:42 Request: GET /wallet/8/transactions
[INFO] 2024/02/23 18:17:02 Request: GET /wallet/8/transactions
[INFO] 2024/02/23 18:18:29 Request: GET /wallet/8/transactions
[INFO] 2024/02/23 18:18:48 Request: GET /wallet/8/transactions
[INFO] 2024/02/23 18:19:12 Request: GET /wallet/8/transactions
[INFO] 2024/02/23 18:19:34 Request: GET /wallet/8/transactions
[INFO] 2024/02/23 18:20:55 Request: GET /wallet/8/transactions
[INFO] 2024/02/23 18:21:14 Request: GET /wallet/8/transactions
[INFO] 2024/02/23 18:21:17 Request: GET /wallet/8/transactions
[INFO] 2024/02/23 18:21:24 Request: GET /wallet/8/transactions
[INFO] 2024/02/23 18:21:47 Request: GET /wallet/8/transactions
[INFO] 2024/02/23 18:21:58 Request: GET /wallet/8/transactions
[INFO] 2024/02/23 18:23:40 Request: GET /wallet/8/transactions
[INFO] 2024/02/23 18:47:23 Request: GET /wallet/8/transactions
[INFO] 2024/02/23 18:47:31 Request: GET /wallet/8/transactions
[INFO] 2024/02/23 18:48:24 Request: GET /wallet/8/transactions
[INFO] 2024/02/23 18:48:40 Request: GET /wallet/8/transactions
[INFO] 2024/02/23 18:48:44 Request: GET /wallet/8/transactions
[INFO] 2024/02/23 18:49:31 Request: GET /wallet/8/transactions
[INFO] 2024/02/23 18:54:15 Request: GET /wallet/8/transactions
[INFO] 2024/02/23 18:54:18 Request: GET /wallet/8/transactions
[INFO] 2024/02/23 18:54:21 Request: GET /wallet/8/transactions
[INFO] 2024/02/23 18:56:23 Request: GET /wallet/8/transactions
[INFO] 2024/02/23 18:56:41 Request: GET /wallet/8/transactions
[INFO] 2024/02/23 18:58:43 Request: GET /wallet/8/transactions
[INFO] 2024/02/23 19:00:25 Request: GET /wallet/8/transactions
[INFO] 2024/02/23 19:00:41 Request: GET /wallet/8/transactions
[INFO] 2024/02/23 19:01:46 Request: GET /wallet/8/transactions
[INFO] 2024/02/23 19:02:00 Request: GET /wallet/8/transactions
[INFO] 2024/02/23 19:02:28 Request: GET /wallet/8/transactions
[INFO] 2024/02/23 19:03:11 Request: GET /wallet/8/transactions
[INFO] 2024/02/23 19:03:27 Request: GET /wallet/8/transactions
[INFO] 2024/02/23 19:03:30 Request: GET /wallet/8/transactions
[INFO] 2024/02/23 19:03:51 Request: GET /wallet/8/transactions
[INFO] 2024/02/23 19:04:27 Request: GET /wallet/8/transactions
[INFO] 2024/02/23 19:07:42 Request: GET /wallet/8/transactions
[INFO] 2024/02/23 19:07:43 Request: GET /wallet/8/transactions
[INFO] 2024/02/23 19:08:46 Request: GET /wallet/8/transactions
[INFO] 2024/02/23 19:19:34 Request: GET /wallet/8/transactions
[INFO] 2024/02/23 19:21:31 Request: POST /auth/login
[INFO] 2024/02/23 19:21:47 Request: POST /wallet/9/transfer
[INFO] 2024/02/23 19:21:47 Request: POST /wallet/9/transfer
[INFO] 2024/02/23 19:21:48 Request: POST /wallet/9/transfer
[INFO] 2024/02/23 19:21:50 Request: POST /wallet/9/transfer
[INFO] 2024/02/23 19:21:54 Request: GET /wallet/8/transactions
[INFO] 2024/02/23 19:22:12 Request: GET /wallet/9/transactions
[INFO] 2024/02/23 19:22:16 Request: POST /wallet/9/transfer
[INFO] 2024/02/23 19:22:16 Request: POST /wallet/9/transfer
[INFO] 2024/02/23 19:22:17 Request: POST /wallet/9/transfer
[INFO] 2024/02/23 19:22:18 Request: POST /wallet/9/transfer
[INFO] 2024/02/23 19:22:18 Request: POST /wallet/9/transfer
[INFO] 2024/02/23 19:22:19 Request: POST /wallet/9/transfer
[INFO] 2024/02/23 19:22:21 Request: GET /wallet/9/transactions
[INFO] 2024/02/23 19:25:13 Request: GET /wallet/9/transactions
[INFO] 2024/02/23 19:25:16 Request: GET /wallet/9/transactions
[INFO] 2024/02/23 19:35:30 Request: GET /wallet/9/transactions
[INFO] 2024/02/23 19:36:13 Request: GET /wallet/9/transactions
[INFO] 2024/02/23 19:36:24 Request: GET /wallet/9/transactions
[INFO] 2024/02/23 19:37:26 Request: GET /wallet/9/transactions
[INFO] 2024/02/23 19:38:41 Request: GET /wallet/9/transactions
[INFO] 2024/02/23 19:39:16 Request: GET /wallet/9/transactions
[INFO] 2024/02/23 19:39:21 Request: GET /wallet/9/transactions
[INFO] 2024/02/23 19:40:11 Request: GET /wallet/9/transactions
[INFO] 2024/02/23 19:40:48 Request: GET /wallet/9/transactions
[INFO] 2024/02/23 19:40:54 Request: GET /wallet/9/transactions
[INFO] 2024/02/23 19:41:16 Request: GET /wallet/9/transactions
[INFO] 2024/02/23 19:41:42 Request: GET /wallet/9/transactions
[INFO] 2024/02/23 19:42:02 Request: GET /wallet/9/transactions
[INFO] 2024/02/23 19:42:10 Request: GET /wallet/9/transactions
[INFO] 2024/02/23 19:43:15 Request: GET /wallet/91/transactions
[INFO] 2024/02/23 19:45:56 Request: GET /wallet/9/transactions
[INFO] 2024/02/23 19:46:15 Request: POST /auth/login
[INFO] 2024/02/23 19:46:25 Request: GET /wallet/9/transactions
[INFO] 2024/02/23 19:46:40 Request: GET /wallet/9/transactions
[INFO] 2024/02/23 19:48:31 Request: POST /wallet/9/topup
[INFO] 2024/02/23 19:48:37 Request: POST /wallet/9/topup
[INFO] 2024/02/23 19:48:53 Request: POST /wallet/9/topup
[INFO] 2024/02/23 19:48:57 Request: POST /wallet/9/topup
[INFO] 2024/02/23 19:49:14 Request: POST /wallet/9/transfer
[INFO] 2024/02/23 19:49:15 Request: POST /wallet/9/transfer
[INFO] 2024/02/23 19:49:16 Request: POST /wallet/9/transfer
[INFO] 2024/02/23 19:49:16 Request: POST /wallet/9/transfer
[INFO] 2024/02/23 19:49:17 Request: POST /wallet/9/transfer
[INFO] 2024/02/23 19:49:17 Request: POST /wallet/9/transfer
[INFO] 2024/02/23 19:49:18 Request: POST /wallet/9/transfer
[INFO] 2024/02/23 19:49:18 Request: POST /wallet/9/transfer
[INFO] 2024/02/23 19:49:18 Request: POST /wallet/9/transfer
[INFO] 2024/02/23 19:49:19 Request: POST /wallet/9/transfer
[INFO] 2024/02/23 19:49:19 Request: POST /wallet/9/transfer
[INFO] 2024/02/23 19:49:20 Request: POST /wallet/9/transfer
[INFO] 2024/02/23 19:49:20 Request: POST /wallet/9/transfer
[INFO] 2024/02/23 19:49:21 Request: POST /wallet/9/transfer
[INFO] 2024/02/23 19:49:21 Request: POST /wallet/9/transfer
[INFO] 2024/02/23 19:49:22 Request: POST /wallet/9/transfer
[INFO] 2024/02/23 19:49:22 Request: POST /wallet/9/transfer
[INFO] 2024/02/23 19:49:23 Request: POST /wallet/9/transfer
[INFO] 2024/02/23 19:49:23 Request: POST /wallet/9/transfer
[INFO] 2024/02/23 19:49:24 Request: POST /wallet/9/transfer
[INFO] 2024/02/23 20:06:31 Request: GET /wallet/9/transactions
[INFO] 2024/02/23 20:07:05 Request: GET /wallet/9/transactions
[INFO] 2024/02/23 20:07:09 Request: GET /wallet/9/transactions
[INFO] 2024/02/23 20:07:12 Request: GET /wallet/9/transactions
[INFO] 2024/02/23 20:07:19 Request: GET /wallet/9/transactions
[INFO] 2024/02/23 20:12:40 Request: GET /wallet/9/transactions
[INFO] 2024/02/23 20:12:58 Request: GET /wallet/9/transactions
[INFO] 2024/02/23 20:13:35 Request: GET /wallet/9/transactions
[INFO] 2024/02/23 20:14:13 Request: GET /wallet/9/transactions
[INFO] 2024/02/23 20:14:33 Request: GET /wallet/9/transactions
[INFO] 2024/02/23 20:15:23 Request: GET /wallet/9/transactions
[INFO] 2024/02/23 20:17:04 Request: GET /wallet/9/transactions
[INFO] 2024/02/23 20:18:11 Request: GET /wallet/9/transactions
[INFO] 2024/02/23 20:18:18 Request: GET /wallet/9/transactions
[INFO] 2024/02/23 20:20:42 Request: GET /wallet/9/transactions
[INFO] 2024/02/23 20:20:49 Request: GET /wallet/9/transactions
[INFO] 2024/02/23 20:21:44 Request: GET /wallet/9/transactions
[INFO] 2024/02/23 20:23:27 Request: GET /wallet/9/transactions
[INFO] 2024/02/23 20:23:55 Request: GET /wallet/9/transactions
[INFO] 2024/02/23 20:24:02 Request: GET /wallet/9/transactions
[INFO] 2024/02/23 20:24:30 Request: GET /wallet/9/transactions
[INFO] 2024/02/23 20:24:46 Request: GET /wallet/9/transactions
[INFO] 2024/02/23 20:25:17 Request: GET /wallet/9/transactions
[INFO] 2024/02/23 20:25:40 Request: GET /wallet/9/transactions
[INFO] 2024/02/23 20:26:02 Request: GET /wallet/9/transactions
[INFO] 2024/02/23 20:26:06 Request: GET /wallet/9/transactions
[INFO] 2024/02/23 20:26:32 Request: GET /wallet/9/transactions
[INFO] 2024/02/23 20:41:09 Request: POST /auth/login
[INFO] 2024/02/23 20:41:44 Request: POST /auth/login
[INFO] 2024/02/23 20:41:45 Request: POST /auth/login
[INFO] 2024/02/23 20:41:50 Request: POST /auth/login
[INFO] 2024/02/23 20:42:01 Request: POST /auth/login
[INFO] 2024/02/23 20:42:02 Request: POST /auth/login
[INFO] 2024/02/23 20:42:04 Request: POST /auth/login
[INFO] 2024/02/23 20:43:00 Request: POST /auth/login
[INFO] 2024/02/23 20:43:25 Request: POST /auth/login
[INFO] 2024/02/23 20:43:46 Request: POST /auth/register
[INFO] 2024/02/23 20:43:54 Request: POST /auth/login
[INFO] 2024/02/23 21:50:49 Request: GET /rewards/hidden-route
[INFO] 2024/02/23 22:52:59 Request: POST /rewards/1
[INFO] 2024/02/23 22:53:22 Request: POST /auth/login
[INFO] 2024/02/23 22:53:27 Request: POST /rewards/1
[INFO] 2024/02/23 22:53:42 Request: POST /rewards/1
[INFO] 2024/02/23 22:54:07 Request: POST /rewards/15
[INFO] 2024/02/23 22:54:31 Request: POST /rewards/15
[INFO] 2024/02/23 22:55:24 Request: POST /rewards/15
[INFO] 2024/02/23 23:11:44 Request: POST /wallet/15/topup
[INFO] 2024/02/23 23:11:54 Request: POST /wallet/15/topup
[INFO] 2024/02/23 23:12:13 Request: POST /wallet/15/topup
[INFO] 2024/02/23 23:12:15 Request: POST /wallet/15/topup
[INFO] 2024/02/23 23:12:16 Request: POST /wallet/15/topup
[INFO] 2024/02/23 23:12:25 Request: POST /wallet/15/topup
[INFO] 2024/02/23 23:12:28 Request: POST /wallet/15/topup
[INFO] 2024/02/23 23:13:10 Request: POST /wallet/15/topup
[INFO] 2024/02/23 23:13:35 Request: POST /wallet/15/topup
[INFO] 2024/02/23 23:14:20 Request: POST /wallet/15/topup
[INFO] 2024/02/23 23:14:54 Request: POST /wallet/15/topup
[INFO] 2024/02/23 23:16:32 Request: POST /wallet/15/topup
[INFO] 2024/02/23 23:17:21 Request: POST /wallet/15/topup
[INFO] 2024/02/23 23:17:22 Request: POST /wallet/15/topup
[INFO] 2024/02/23 23:17:23 Request: POST /wallet/15/topup
[INFO] 2024/02/23 23:17:26 Request: POST /wallet/15/topup
[INFO] 2024/02/23 23:17:27 Request: POST /wallet/15/topup
[INFO] 2024/02/23 23:17:28 Request: POST /wallet/15/topup
[INFO] 2024/02/23 23:18:00 Request: POST /rewards/15
[INFO] 2024/02/23 23:18:46 Request: POST /rewards/15
[INFO] 2024/02/23 23:19:57 Request: POST /rewards/15
[INFO] 2024/02/23 23:20:15 Request: POST /rewards/15
[INFO] 2024/02/23 23:20:30 Request: POST /rewards/15
[INFO] 2024/02/23 23:20:32 Request: POST /rewards/15
[INFO] 2024/02/23 23:20:33 Request: POST /rewards/15
[INFO] 2024/02/23 23:20:34 Request: POST /rewards/15
[INFO] 2024/02/23 23:20:36 Request: POST /rewards/15
[INFO] 2024/02/23 23:20:39 Request: POST /rewards/15
[INFO] 2024/02/23 23:20:40 Request: POST /rewards/15
[INFO] 2024/02/23 23:20:42 Request: POST /rewards/15
[INFO] 2024/02/23 23:20:43 Request: POST /rewards/15
[INFO] 2024/02/23 23:20:43 Request: POST /rewards/15
[INFO] 2024/02/23 23:20:44 Request: POST /rewards/15
[INFO] 2024/02/23 23:20:44 Request: POST /rewards/15
[INFO] 2024/02/23 23:20:45 Request: POST /rewards/15
[INFO] 2024/02/23 23:20:46 Request: POST /rewards/15
[INFO] 2024/02/23 23:22:22 Request: POST /wallet/15/topup
[INFO] 2024/02/23 23:22:23 Request: POST /wallet/15/topup
[INFO] 2024/02/23 23:22:36 Request: POST /rewards/15
[INFO] 2024/02/23 23:22:51 Request: POST /rewards/15
[INFO] 2024/02/23 23:27:30 Request: POST /rewards/15
[INFO] 2024/02/23 23:27:41 Request: POST /wallet/15/topup
[INFO] 2024/02/23 23:27:42 Request: POST /wallet/15/topup
[INFO] 2024/02/23 23:27:43 Request: POST /wallet/15/topup
[INFO] 2024/02/23 23:27:44 Request: POST /wallet/15/topup
[INFO] 2024/02/23 23:27:44 Request: POST /wallet/15/topup
[INFO] 2024/02/23 23:27:46 Request: POST /rewards/15
[INFO] 2024/02/23 23:28:41 Request: POST /rewards/15
[INFO] 2024/02/23 23:28:43 Request: POST /rewards/15
[INFO] 2024/02/23 23:28:44 Request: POST /rewards/15
[INFO] 2024/02/23 23:28:45 Request: POST /rewards/15
[INFO] 2024/02/23 23:28:46 Request: POST /rewards/15
[INFO] 2024/02/23 23:28:47 Request: POST /rewards/15
[INFO] 2024/02/23 23:29:30 Request: POST /wallet/15/topup
[INFO] 2024/02/23 23:29:34 Request: POST /rewards/15
[INFO] 2024/02/23 23:29:36 Request: POST /rewards/15
[INFO] 2024/02/26 00:23:33 Request: GET /wallet/9/transactions
[INFO] 2024/02/26 00:23:40 Request: POST /auth/login
[INFO] 2024/02/26 00:24:00 Request: GET /wallet/9/transactions
[INFO] 2024/02/26 00:24:04 Request: GET /wallet/15/transactions
[INFO] 2024/02/26 00:24:14 Request: GET /wallet/15/transactions
[INFO] 2024/02/26 01:25:12 Request: POST /wallet/15/transfer
[INFO] 2024/02/26 01:25:34 Request: POST /wallet/15/transfer
[INFO] 2024/02/26 01:29:16 Request: GET /wallet/15/transactions
[INFO] 2024/02/26 01:29:25 Request: GET /wallet/15/transactions
[INFO] 2024/02/26 01:29:27 Request: GET /wallet/15/transactions
[INFO] 2024/02/26 01:31:00 Request: POST /wallet/15/transfer
[INFO] 2024/02/26 01:31:06 Request: GET /wallet/15/transactions
[INFO] 2024/02/26 01:31:14 Request: GET /wallet/15/transactions
[INFO] 2024/02/26 01:31:30 Request: GET /wallet/15/transactions
[INFO] 2024/02/26 01:34:07 Request: POST /wallet/15/topup
[INFO] 2024/02/26 01:34:12 Request: POST /rewards/15
[INFO] 2024/02/26 01:34:44 Request: POST /rewards/15
[INFO] 2024/02/26 01:34:47 Request: POST /wallet/15/topup
[INFO] 2024/02/26 01:35:27 Request: POST /rewards/15
[INFO] 2024/02/26 01:44:47 Request: POST /wallet/15/topup
[INFO] 2024/02/26 01:44:58 Request: POST /rewards/15
[INFO] 2024/03/08 20:46:54 Request: GET /login
[INFO] 2024/03/08 20:46:55 Request: GET /favicon.ico
[INFO] 2024/03/08 20:47:01 Request: GET /auth/login
[INFO] 2024/03/08 20:47:28 Request: GET /users/1
[INFO] 2024/03/08 20:51:41 Request: POST /auth/register
[INFO] 2024/03/08 20:52:08 Request: POST /auth/register
[INFO] 2024/03/08 21:24:09 Request: POST /auth/register
[INFO] 2024/03/08 21:27:38 Request: POST /auth/login
[INFO] 2024/03/08 21:27:44 Request: POST /auth/login
[INFO] 2024/03/08 21:31:23 Request: GET /users/1
[INFO] 2024/03/08 21:31:29 Request: GET /auth/login
[INFO] 2024/03/08 21:33:43 Request: OPTIONS /auth/login
[INFO] 2024/03/08 21:34:36 Request: POST /auth/login
[INFO] 2024/03/08 21:34:47 Request: POST /auth/login
[INFO] 2024/03/08 21:44:14 Request: POST /auth/login
[INFO] 2024/03/08 21:59:04 Request: OPTIONS /auth/login
[INFO] 2024/03/08 21:59:04 Request: POST /auth/login
[INFO] 2024/03/08 21:59:46 Request: POST /auth/login
[INFO] 2024/03/08 21:59:51 Request: POST /auth/login
[INFO] 2024/03/08 21:59:54 Request: POST /auth/login
[INFO] 2024/03/08 22:01:57 Request: POST /auth/login
[INFO] 2024/03/08 22:02:17 Request: POST /auth/login
[INFO] 2024/03/08 22:02:29 Request: POST /auth/login1
[INFO] 2024/03/08 22:02:54 Request: POST /auth/login
[INFO] 2024/03/08 22:03:17 Request: POST /auth/login
[INFO] 2024/03/08 22:04:56 Request: POST /auth/login
[INFO] 2024/03/08 22:05:41 Request: POST /auth/login
[INFO] 2024/03/08 22:06:46 Request: POST /auth/login
[INFO] 2024/03/08 22:06:54 Request: POST /auth/login
[INFO] 2024/03/08 22:07:12 Request: POST /auth/login
[INFO] 2024/03/08 22:07:22 Request: POST /auth/login
[INFO] 2024/03/08 22:07:24 Request: POST /auth/login
[INFO] 2024/03/08 22:07:27 Request: POST /auth/login
[INFO] 2024/03/08 22:07:28 Request: POST /auth/login
[INFO] 2024/03/08 22:08:02 Request: POST /auth/login
[INFO] 2024/03/08 22:08:04 Request: POST /auth/login
[INFO] 2024/03/08 22:08:09 Request: POST /auth/login
[INFO] 2024/03/08 22:08:25 Request: POST /auth/login
[INFO] 2024/03/08 22:08:27 Request: POST /auth/login
[INFO] 2024/03/08 22:08:27 Request: POST /auth/login
[INFO] 2024/03/08 22:08:27 Request: POST /auth/login
[INFO] 2024/03/08 22:08:27 Request: POST /auth/login
[INFO] 2024/03/08 22:08:28 Request: POST /auth/login
[INFO] 2024/03/08 22:08:28 Request: POST /auth/login
[INFO] 2024/03/08 22:23:15 Request: POST /auth/login
[INFO] 2024/03/08 22:29:24 Request: POST /auth/login
[INFO] 2024/03/08 22:30:42 Request: POST /auth/login
[INFO] 2024/03/09 15:15:15 Request: POST /auth/login
[INFO] 2024/03/09 15:18:37 Request: POST /auth/login
[INFO] 2024/03/09 15:20:00 Request: POST /auth/login
[INFO] 2024/03/09 15:24:29 Request: POST /auth/login
[INFO] 2024/03/09 15:24:47 Request: POST /auth/login
[INFO] 2024/03/09 15:26:56 Request: POST /auth/login
[INFO] 2024/03/09 15:27:49 Request: POST /auth/login
[INFO] 2024/03/09 15:27:50 Request: POST /auth/login
[INFO] 2024/03/09 15:27:55 Request: POST /auth/login
[INFO] 2024/03/09 15:29:09 Request: POST /auth/login
[INFO] 2024/03/09 15:29:16 Request: POST /auth/login
[INFO] 2024/03/09 15:29:44 Request: POST /auth/login
[INFO] 2024/03/09 15:29:52 Request: POST /auth/login
[INFO] 2024/03/09 15:29:53 Request: POST /auth/login
[INFO] 2024/03/09 15:29:55 Request: POST /auth/login
[INFO] 2024/03/09 15:30:15 Request: POST /auth/login
[INFO] 2024/03/09 15:30:20 Request: POST /auth/login
[INFO] 2024/03/09 15:31:17 Request: POST /auth/login
[INFO] 2024/03/09 15:34:49 Request: POST /auth/login
[INFO] 2024/03/09 15:34:55 Request: POST /auth/login
[INFO] 2024/03/09 15:37:30 Request: POST /auth/login
[INFO] 2024/03/09 15:37:32 Request: POST /auth/login
[INFO] 2024/03/09 15:37:41 Request: POST /auth/login
[INFO] 2024/03/09 15:38:02 Request: POST /auth/login
[INFO] 2024/03/09 15:39:47 Request: POST /auth/login
[INFO] 2024/03/09 15:39:49 Request: POST /auth/login
[INFO] 2024/03/09 15:39:53 Request: POST /auth/login
[INFO] 2024/03/09 15:39:54 Request: POST /auth/login
[INFO] 2024/03/09 15:40:48 Request: POST /auth/login
[INFO] 2024/03/09 15:40:53 Request: POST /auth/login
[INFO] 2024/03/09 15:41:06 Request: POST /auth/login
[INFO] 2024/03/09 15:42:30 Request: POST /auth/login
[INFO] 2024/03/09 15:42:37 Request: POST /auth/login
[INFO] 2024/03/09 15:42:50 Request: POST /auth/login
[INFO] 2024/03/09 15:46:14 Request: POST /auth/login
[INFO] 2024/03/09 15:46:17 Request: POST /auth/login
[INFO] 2024/03/09 15:46:38 Request: POST /auth/login
[INFO] 2024/03/09 15:46:40 Request: POST /auth/login
[INFO] 2024/03/10 04:45:24 Request: POST /auth/login
[INFO] 2024/03/10 04:45:28 Request: POST /auth/login
[INFO] 2024/03/10 05:10:22 Request: POST /auth/login
[INFO] 2024/03/10 05:39:29 Request: POST /auth/login
[INFO] 2024/03/10 07:06:44 Request: POST /auth/login
[INFO] 2024/03/10 07:07:19 Request: POST /auth/login
[INFO] 2024/03/10 07:07:45 Request: POST /auth/login
[INFO] 2024/03/10 07:07:46 Request: POST /auth/login
[INFO] 2024/03/10 07:08:56 Request: POST /auth/login
[INFO] 2024/03/10 07:09:45 Request: POST /auth/login
[INFO] 2024/03/10 07:09:49 Request: POST /auth/login
[INFO] 2024/03/10 07:10:03 Request: POST /auth/login
[INFO] 2024/03/10 07:10:06 Request: POST /auth/login
[INFO] 2024/03/10 07:10:30 Request: POST /auth/login
[INFO] 2024/03/10 07:10:35 Request: POST /auth/login
[INFO] 2024/03/10 07:10:37 Request: POST /auth/login
[INFO] 2024/03/10 07:10:38 Request: POST /auth/login
[INFO] 2024/03/10 07:10:41 Request: POST /auth/login
[INFO] 2024/03/10 07:10:45 Request: POST /auth/login
[INFO] 2024/03/10 07:10:48 Request: POST /auth/login
[INFO] 2024/03/10 07:10:52 Request: POST /auth/login
[INFO] 2024/03/10 07:10:58 Request: POST /auth/login
[INFO] 2024/03/10 07:11:01 Request: POST /auth/login
[INFO] 2024/03/10 07:11:05 Request: POST /auth/login
[INFO] 2024/03/10 07:11:10 Request: POST /auth/login
[INFO] 2024/03/10 07:11:13 Request: POST /auth/login
[INFO] 2024/03/10 07:11:17 Request: POST /auth/login
[INFO] 2024/03/10 07:11:24 Request: POST /auth/login
[INFO] 2024/03/10 07:11:28 Request: POST /auth/login
[INFO] 2024/03/10 07:11:31 Request: POST /auth/login
[INFO] 2024/03/10 07:11:36 Request: POST /auth/login
[INFO] 2024/03/10 07:11:37 Request: POST /auth/login
[INFO] 2024/03/10 07:11:40 Request: POST /auth/login
[INFO] 2024/03/10 07:11:41 Request: POST /auth/login
[INFO] 2024/03/10 07:11:44 Request: POST /auth/login
[INFO] 2024/03/10 07:11:49 Request: POST /auth/login
[INFO] 2024/03/10 07:11:54 Request: POST /auth/login
[INFO] 2024/03/10 07:11:58 Request: POST /auth/login
[INFO] 2024/03/10 07:12:04 Request: POST /auth/login
[INFO] 2024/03/10 07:12:07 Request: POST /auth/login
[INFO] 2024/03/10 07:12:15 Request: POST /auth/login
[INFO] 2024/03/10 07:12:23 Request: POST /auth/login
[INFO] 2024/03/10 07:12:25 Request: POST /auth/login
[INFO] 2024/03/10 07:12:35 Request: POST /auth/login
[INFO] 2024/03/10 07:12:38 Request: POST /auth/login
[INFO] 2024/03/10 07:13:01 Request: POST /auth/login
[INFO] 2024/03/10 07:13:59 Request: POST /auth/login
[INFO] 2024/03/10 07:14:04 Request: POST /auth/login
[INFO] 2024/03/10 07:14:09 Request: POST /auth/login
[INFO] 2024/03/10 07:14:13 Request: POST /auth/login
[INFO] 2024/03/10 07:14:50 Request: POST /auth/login
[INFO] 2024/03/10 07:14:55 Request: POST /auth/login
[INFO] 2024/03/10 07:15:08 Request: POST /auth/login
[INFO] 2024/03/10 07:15:13 Request: POST /auth/login
[INFO] 2024/03/10 07:15:52 Request: POST /auth/login
[INFO] 2024/03/10 07:16:15 Request: POST /auth/login
[INFO] 2024/03/10 07:16:19 Request: POST /auth/login
[INFO] 2024/03/10 07:16:23 Request: POST /auth/login
[INFO] 2024/03/10 07:16:27 Request: POST /auth/login
[INFO] 2024/03/10 07:17:02 Request: GET /users/1
[INFO] 2024/03/10 07:17:06 Request: POST /auth/login
[INFO] 2024/03/10 07:17:10 Request: POST /auth/login
[INFO] 2024/03/10 07:17:32 Request: GET /users/1
[INFO] 2024/03/10 07:26:26 Request: POST /auth/login
[INFO] 2024/03/10 07:26:46 Request: POST /auth/login
[INFO] 2024/03/10 07:26:48 Request: POST /auth/login
[INFO] 2024/03/10 07:26:48 Request: POST /auth/login
[INFO] 2024/03/10 07:26:49 Request: POST /auth/login
[INFO] 2024/03/10 07:30:20 Request: POST /auth/login
[INFO] 2024/03/10 07:30:31 Request: POST /auth/login
[INFO] 2024/03/10 07:30:32 Request: POST /auth/login
[INFO] 2024/03/10 08:01:37 Request: POST /auth/login
[INFO] 2024/03/10 08:02:38 Request: POST /auth/login
[INFO] 2024/03/10 08:09:32 Request: POST /auth/login
[INFO] 2024/03/10 08:09:37 Request: POST /auth/login
[INFO] 2024/03/10 08:19:00 Request: POST /auth/login
[INFO] 2024/03/10 08:19:10 Request: GET /users/1
[INFO] 2024/03/10 08:20:53 Request: POST /auth/login
[INFO] 2024/03/10 08:25:02 Request: POST /auth/login
[INFO] 2024/03/10 08:25:32 Request: POST /auth/login
[INFO] 2024/03/10 08:25:44 Request: POST /auth/login
[INFO] 2024/03/10 08:26:06 Request: POST /auth/login
[INFO] 2024/03/10 08:26:13 Request: POST /auth/login
[INFO] 2024/03/10 08:27:16 Request: POST /auth/login
[INFO] 2024/03/10 08:27:46 Request: POST /auth/login
[INFO] 2024/03/10 08:27:48 Request: POST /auth/login
[INFO] 2024/03/10 08:28:11 Request: GET /users/1
[INFO] 2024/03/10 08:28:13 Request: GET /users/1
[INFO] 2024/03/10 08:28:26 Request: GET /users/1
[INFO] 2024/03/10 08:29:54 Request: POST /auth/login
[INFO] 2024/03/10 08:29:55 Request: POST /auth/login
[INFO] 2024/03/10 08:29:57 Request: POST /auth/login
[INFO] 2024/03/10 08:29:58 Request: POST /auth/login
[INFO] 2024/03/10 08:29:58 Request: POST /auth/login
[INFO] 2024/03/10 08:29:59 Request: POST /auth/login
[INFO] 2024/03/10 08:30:06 Request: POST /auth/login
[INFO] 2024/03/10 08:30:10 Request: POST /auth/login
[INFO] 2024/03/10 08:30:13 Request: POST /auth/login
[INFO] 2024/03/10 08:30:18 Request: POST /auth/login
[INFO] 2024/03/10 08:30:39 Request: POST /auth/login
[INFO] 2024/03/10 08:30:44 Request: POST /auth/login
[INFO] 2024/03/10 08:31:37 Request: POST /auth/login
[INFO] 2024/03/10 08:31:57 Request: POST /auth/login
[INFO] 2024/03/10 08:31:58 Request: POST /auth/login
[INFO] 2024/03/10 08:31:59 Request: POST /auth/login
[INFO] 2024/03/10 08:32:06 Request: POST /auth/login
[INFO] 2024/03/10 08:32:51 Request: POST /auth/login
[INFO] 2024/03/10 08:32:53 Request: POST /auth/login
[INFO] 2024/03/10 08:32:54 Request: POST /auth/login
[INFO] 2024/03/10 08:32:54 Request: POST /auth/login
[INFO] 2024/03/10 08:33:06 Request: POST /auth/login
[INFO] 2024/03/10 08:33:07 Request: POST /auth/login
[INFO] 2024/03/10 08:33:07 Request: POST /auth/login
[INFO] 2024/03/10 08:33:07 Request: POST /auth/login
[INFO] 2024/03/10 08:33:08 Request: POST /auth/login
[INFO] 2024/03/10 08:33:08 Request: POST /auth/login
[INFO] 2024/03/10 08:33:08 Request: POST /auth/login
[INFO] 2024/03/10 08:33:08 Request: POST /auth/login
[INFO] 2024/03/10 08:33:09 Request: POST /auth/login
[INFO] 2024/03/10 08:33:09 Request: POST /auth/login
[INFO] 2024/03/10 08:33:16 Request: POST /auth/login
[INFO] 2024/03/10 08:33:20 Request: POST /auth/login
[INFO] 2024/03/10 08:33:27 Request: POST /auth/login
[INFO] 2024/03/10 08:33:31 Request: POST /auth/login
[INFO] 2024/03/10 08:33:54 Request: POST /auth/login
[INFO] 2024/03/10 08:36:25 Request: POST /auth/login
[INFO] 2024/03/10 08:36:25 Request: GET /users/1
[INFO] 2024/03/10 08:37:08 Request: POST /auth/login
[INFO] 2024/03/10 08:37:08 Request: GET /users/1
[INFO] 2024/03/10 08:37:54 Request: POST /auth/login
[INFO] 2024/03/10 08:37:54 Request: GET /users/1
[INFO] 2024/03/10 08:38:05 Request: POST /auth/login
[INFO] 2024/03/10 08:38:05 Request: GET /users/1
[INFO] 2024/03/10 08:39:13 Request: POST /auth/login
[INFO] 2024/03/10 08:39:13 Request: GET /users/1
[INFO] 2024/03/10 08:39:19 Request: POST /auth/login
[INFO] 2024/03/10 08:39:19 Request: GET /users/1
[INFO] 2024/03/10 08:39:23 Request: POST /auth/login
[INFO] 2024/03/10 08:39:23 Request: GET /users/1
[INFO] 2024/03/10 08:39:27 Request: POST /auth/login
[INFO] 2024/03/10 08:39:27 Request: GET /users/1
[INFO] 2024/03/10 20:51:40 Request: POST /auth/login
[INFO] 2024/03/10 20:51:40 Request: GET /users/1
[INFO] 2024/03/10 20:52:58 Request: POST /auth/login
[INFO] 2024/03/10 20:52:58 Request: GET /users/1
[INFO] 2024/03/10 20:53:12 Request: POST /auth/login
[INFO] 2024/03/10 20:53:13 Request: GET /users/1
[INFO] 2024/03/10 20:54:25 Request: POST /auth/login
[INFO] 2024/03/10 20:54:25 Request: GET /users/1
[INFO] 2024/03/10 20:55:04 Request: POST /auth/login
[INFO] 2024/03/10 20:55:04 Request: GET /users/1
[INFO] 2024/03/10 20:55:05 Request: POST /auth/login
[INFO] 2024/03/10 20:55:05 Request: GET /users/1
[INFO] 2024/03/10 20:55:11 Request: POST /auth/login
[INFO] 2024/03/10 20:55:11 Request: GET /users/1
[INFO] 2024/03/10 20:55:24 Request: POST /auth/login
[INFO] 2024/03/10 20:55:24 Request: GET /users/1
[INFO] 2024/03/10 20:55:25 Request: POST /auth/login
[INFO] 2024/03/10 20:55:25 Request: GET /users/1
[INFO] 2024/03/10 20:57:05 Request: GET /users/undefined
[INFO] 2024/03/10 20:57:06 Request: GET /users/undefined
[INFO] 2024/03/10 20:57:28 Request: GET /users/undefined
[INFO] 2024/03/10 20:57:32 Request: GET /users/undefined
[INFO] 2024/03/10 20:57:34 Request: GET /users/undefined
[INFO] 2024/03/10 21:00:10 Request: GET /users/undefined
[INFO] 2024/03/10 21:00:10 Request: GET /users/undefined
[INFO] 2024/03/10 21:00:24 Request: GET /users/undefined
[INFO] 2024/03/10 21:00:27 Request: GET /users/undefined
[INFO] 2024/03/10 21:00:59 Request: POST /auth/login
[INFO] 2024/03/10 21:03:29 Request: POST /auth/login
[INFO] 2024/03/10 21:03:54 Request: POST /auth/login
[INFO] 2024/03/10 21:04:36 Request: POST /auth/login
[INFO] 2024/03/10 21:04:38 Request: POST /auth/login
[INFO] 2024/03/10 21:07:05 Request: GET /users/undefined
[INFO] 2024/03/10 21:07:05 Request: GET /users/undefined
[INFO] 2024/03/10 21:07:23 Request: GET /users/undefined
[INFO] 2024/03/10 21:07:24 Request: GET /users/undefined
[INFO] 2024/03/10 21:07:31 Request: GET /users/undefined
[INFO] 2024/03/10 21:07:31 Request: GET /users/undefined
[INFO] 2024/03/10 21:07:39 Request: GET /users/undefined
[INFO] 2024/03/10 21:07:45 Request: GET /users/undefined
[INFO] 2024/03/10 21:07:53 Request: GET /users/undefined
[INFO] 2024/03/10 21:08:04 Request: GET /users/undefined
[INFO] 2024/03/10 21:08:07 Request: GET /users/undefined
[INFO] 2024/03/10 21:08:07 Request: GET /users/undefined
[INFO] 2024/03/10 21:08:16 Request: POST /auth/login
[INFO] 2024/03/10 21:08:45 Request: POST /auth/login
[INFO] 2024/03/10 21:08:58 Request: GET /users/undefined
[INFO] 2024/03/10 21:09:18 Request: GET /users/undefined
[INFO] 2024/03/10 21:09:19 Request: GET /users/undefined
[INFO] 2024/03/10 21:09:21 Request: POST /auth/login
[INFO] 2024/03/10 21:12:37 Request: GET /users/undefined
[INFO] 2024/03/10 21:12:38 Request: GET /users/undefined
[INFO] 2024/03/10 21:13:08 Request: GET /users/undefined
[INFO] 2024/03/10 21:13:13 Request: GET /users/undefined
[INFO] 2024/03/10 21:13:28 Request: POST /auth/login
[INFO] 2024/03/10 21:13:28 Request: GET /users/1
[INFO] 2024/03/10 21:13:28 Request: GET /users/undefined
[INFO] 2024/03/10 21:13:31 Request: POST /auth/login
[INFO] 2024/03/10 21:13:31 Request: GET /users/1
[INFO] 2024/03/10 21:13:31 Request: GET /users/undefined
[INFO] 2024/03/10 21:13:58 Request: GET /users/undefined
[INFO] 2024/03/10 21:14:02 Request: GET /users/undefined
[INFO] 2024/03/10 21:14:54 Request: GET /users/undefined
[INFO] 2024/03/10 21:14:54 Request: GET /users/undefined
[INFO] 2024/03/10 21:14:57 Request: POST /auth/login
[INFO] 2024/03/10 21:14:57 Request: GET /users/1
[INFO] 2024/03/10 21:14:57 Request: GET /users/undefined
[INFO] 2024/03/10 21:15:00 Request: POST /auth/login
[INFO] 2024/03/10 21:15:00 Request: GET /users/1
[INFO] 2024/03/10 21:15:00 Request: GET /users/undefined
[INFO] 2024/03/10 21:15:03 Request: POST /auth/login
[INFO] 2024/03/10 21:15:03 Request: GET /users/1
[INFO] 2024/03/10 21:15:03 Request: GET /users/undefined
[INFO] 2024/03/10 21:15:45 Request: POST /auth/login
[INFO] 2024/03/10 21:15:46 Request: POST /auth/login
[INFO] 2024/03/10 21:15:46 Request: POST /auth/login
[INFO] 2024/03/10 21:15:46 Request: POST /auth/login
[INFO] 2024/03/10 21:15:47 Request: POST /auth/login
[INFO] 2024/03/10 21:15:47 Request: POST /auth/login
[INFO] 2024/03/10 21:15:47 Request: POST /auth/login
[INFO] 2024/03/10 21:15:47 Request: POST /auth/login
[INFO] 2024/03/10 21:17:05 Request: POST /auth/login
[INFO] 2024/03/10 21:17:05 Request: POST /auth/login
[INFO] 2024/03/10 21:17:06 Request: GET /users/undefined
[INFO] 2024/03/10 21:17:06 Request: GET /users/undefined
[INFO] 2024/03/10 21:17:11 Request: POST /auth/login
[INFO] 2024/03/10 21:17:12 Request: POST /auth/login
[INFO] 2024/03/10 21:17:12 Request: POST /auth/login
[INFO] 2024/03/10 21:17:12 Request: POST /auth/login
[INFO] 2024/03/10 21:17:12 Request: POST /auth/login
[INFO] 2024/03/10 21:17:12 Request: POST /auth/login
[INFO] 2024/03/10 21:17:12 Request: POST /auth/login
[INFO] 2024/03/10 21:17:12 Request: POST /auth/login
[INFO] 2024/03/10 21:17:13 Request: POST /auth/login
[INFO] 2024/03/10 21:17:13 Request: POST /auth/login
[INFO] 2024/03/10 21:17:13 Request: POST /auth/login
[INFO] 2024/03/10 21:17:24 Request: POST /auth/login
[INFO] 2024/03/10 21:17:25 Request: POST /auth/login
[INFO] 2024/03/10 21:19:03 Request: GET /users/undefined
[INFO] 2024/03/10 21:19:05 Request: GET /users/undefined
[INFO] 2024/03/10 21:19:08 Request: GET /users/undefined
[INFO] 2024/03/10 21:19:09 Request: POST /auth/login
[INFO] 2024/03/10 21:19:10 Request: POST /auth/login
[INFO] 2024/03/10 21:19:11 Request: POST /auth/login
[INFO] 2024/03/10 21:19:11 Request: POST /auth/login
[INFO] 2024/03/10 21:19:12 Request: POST /auth/login
[INFO] 2024/03/10 21:19:19 Request: POST /auth/login
[INFO] 2024/03/10 21:19:20 Request: POST /auth/login
[INFO] 2024/03/10 21:19:20 Request: POST /auth/login
[INFO] 2024/03/10 21:19:20 Request: POST /auth/login
[INFO] 2024/03/10 21:19:20 Request: POST /auth/login
[INFO] 2024/03/10 21:19:34 Request: POST /auth/login
[INFO] 2024/03/10 21:19:35 Request: POST /auth/login
[INFO] 2024/03/10 21:19:36 Request: POST /auth/login
[INFO] 2024/03/10 21:19:36 Request: POST /auth/login
[INFO] 2024/03/10 21:19:36 Request: POST /auth/login
[INFO] 2024/03/10 21:19:50 Request: POST /auth/login
[INFO] 2024/03/10 21:19:51 Request: POST /auth/login
[INFO] 2024/03/10 21:19:51 Request: POST /auth/login
[INFO] 2024/03/10 21:19:51 Request: POST /auth/login
[INFO] 2024/03/10 21:19:51 Request: POST /auth/login
[INFO] 2024/03/10 21:19:51 Request: POST /auth/login
[INFO] 2024/03/10 21:19:51 Request: POST /auth/login
[INFO] 2024/03/10 21:19:51 Request: POST /auth/login
[INFO] 2024/03/10 21:20:35 Request: POST /auth/login
[INFO] 2024/03/10 21:20:36 Request: POST /auth/login
[INFO] 2024/03/10 21:20:36 Request: POST /auth/login
[INFO] 2024/03/10 21:20:36 Request: POST /auth/login
[INFO] 2024/03/10 21:20:36 Request: POST /auth/login
[INFO] 2024/03/10 21:20:36 Request: POST /auth/login
[INFO] 2024/03/10 21:21:33 Request: POST /auth/login
[INFO] 2024/03/10 21:21:34 Request: POST /auth/login
[INFO] 2024/03/10 21:21:34 Request: POST /auth/login
[INFO] 2024/03/10 21:21:34 Request: POST /auth/login
[INFO] 2024/03/10 21:21:34 Request: POST /auth/login
[INFO] 2024/03/10 21:21:51 Request: POST /auth/login
[INFO] 2024/03/10 21:21:52 Request: POST /auth/login
[INFO] 2024/03/10 21:21:52 Request: POST /auth/login
[INFO] 2024/03/10 21:21:52 Request: POST /auth/login
[INFO] 2024/03/10 21:21:52 Request: POST /auth/login
[INFO] 2024/03/10 21:22:40 Request: POST /auth/login
[INFO] 2024/03/10 21:22:41 Request: POST /auth/login
[INFO] 2024/03/10 21:22:41 Request: POST /auth/login
[INFO] 2024/03/10 21:22:41 Request: POST /auth/login
[INFO] 2024/03/10 21:22:42 Request: POST /auth/login
[INFO] 2024/03/10 21:23:51 Request: POST /auth/login
[INFO] 2024/03/10 21:23:52 Request: POST /auth/login
[INFO] 2024/03/10 21:23:52 Request: POST /auth/login
[INFO] 2024/03/10 21:23:52 Request: POST /auth/login
[INFO] 2024/03/10 21:26:02 Request: GET /users/1
[INFO] 2024/03/10 21:26:13 Request: POST /auth/login
[INFO] 2024/03/10 21:26:13 Request: GET /users/1
[INFO] 2024/03/10 21:26:14 Request: POST /auth/login
[INFO] 2024/03/10 21:26:14 Request: GET /users/1
[INFO] 2024/03/10 21:26:15 Request: POST /auth/login
[INFO] 2024/03/10 21:26:15 Request: GET /users/1
[INFO] 2024/03/10 21:26:15 Request: POST /auth/login
[INFO] 2024/03/10 21:26:15 Request: GET /users/1
[INFO] 2024/03/10 21:26:15 Request: POST /auth/login
[INFO] 2024/03/10 21:26:15 Request: GET /users/1
[INFO] 2024/03/10 21:26:16 Request: POST /auth/login
[INFO] 2024/03/10 21:26:16 Request: GET /users/1
[INFO] 2024/03/10 21:26:16 Request: POST /auth/login
[INFO] 2024/03/10 21:26:16 Request: GET /users/1
[INFO] 2024/03/10 21:26:16 Request: POST /auth/login
[INFO] 2024/03/10 21:26:16 Request: GET /users/1
[INFO] 2024/03/10 21:26:16 Request: POST /auth/login
[INFO] 2024/03/10 21:26:16 Request: GET /users/1
[INFO] 2024/03/10 21:26:16 Request: POST /auth/login
[INFO] 2024/03/10 21:26:16 Request: GET /users/1
[INFO] 2024/03/10 21:26:16 Request: POST /auth/login
[INFO] 2024/03/10 21:26:16 Request: GET /users/1
[INFO] 2024/03/10 21:26:17 Request: POST /auth/login
[INFO] 2024/03/10 21:26:17 Request: GET /users/1
[INFO] 2024/03/10 21:26:17 Request: POST /auth/login
[INFO] 2024/03/10 21:26:17 Request: GET /users/1
[INFO] 2024/03/10 21:26:17 Request: POST /auth/login
[INFO] 2024/03/10 21:26:17 Request: GET /users/1
[INFO] 2024/03/10 21:26:17 Request: POST /auth/login
[INFO] 2024/03/10 21:26:17 Request: GET /users/1
[INFO] 2024/03/10 21:26:17 Request: POST /auth/login
[INFO] 2024/03/10 21:26:17 Request: GET /users/1
[INFO] 2024/03/10 21:26:17 Request: POST /auth/login
[INFO] 2024/03/10 21:26:17 Request: GET /users/1
[INFO] 2024/03/10 21:26:17 Request: POST /auth/login
[INFO] 2024/03/10 21:26:17 Request: GET /users/1
[INFO] 2024/03/10 21:26:18 Request: POST /auth/login
[INFO] 2024/03/10 21:26:18 Request: GET /users/1
[INFO] 2024/03/10 21:26:18 Request: POST /auth/login
[INFO] 2024/03/10 21:26:18 Request: GET /users/1
[INFO] 2024/03/10 21:26:18 Request: POST /auth/login
[INFO] 2024/03/10 21:26:18 Request: GET /users/1
[INFO] 2024/03/10 21:26:18 Request: POST /auth/login
[INFO] 2024/03/10 21:26:18 Request: GET /users/1
[INFO] 2024/03/10 21:26:19 Request: POST /auth/login
[INFO] 2024/03/10 21:26:19 Request: GET /users/1
[INFO] 2024/03/10 21:26:33 Request: GET /users/1
[INFO] 2024/03/10 21:26:37 Request: GET /users/1
[INFO] 2024/03/10 21:26:44 Request: GET /users/1
[INFO] 2024/03/10 21:27:06 Request: GET /users/1
[INFO] 2024/03/10 21:29:11 Request: GET /users/1
[INFO] 2024/03/10 21:29:13 Request: GET /users/1
[INFO] 2024/03/10 21:29:36 Request: POST /auth/login
[INFO] 2024/03/10 21:29:37 Request: GET /users/1
[INFO] 2024/03/10 21:29:37 Request: POST /auth/login
[INFO] 2024/03/10 21:29:37 Request: GET /users/1
[INFO] 2024/03/10 21:29:39 Request: GET /users/undefined
[INFO] 2024/03/10 21:29:39 Request: GET /users/undefined
[INFO] 2024/03/10 21:29:50 Request: POST /auth/login
[INFO] 2024/03/10 21:29:50 Request: GET /users/1
[INFO] 2024/03/10 21:31:11 Request: GET /users/1
[INFO] 2024/03/10 21:31:12 Request: POST /auth/login
[INFO] 2024/03/10 21:31:13 Request: GET /users/1
[INFO] 2024/03/10 21:31:13 Request: POST /auth/login
[INFO] 2024/03/10 21:31:13 Request: GET /users/1
[INFO] 2024/03/10 21:31:25 Request: GET /users/1
[INFO] 2024/03/10 21:44:41 Request: GET /users/undefined
[INFO] 2024/03/10 21:44:41 Request: GET /users/undefined
[INFO] 2024/03/10 21:44:46 Request: POST /auth/login
[INFO] 2024/03/10 21:44:46 Request: GET /users/1
[INFO] 2024/03/10 21:44:59 Request: POST /auth/login
[INFO] 2024/03/10 21:44:59 Request: GET /users/1
[INFO] 2024/03/10 21:45:01 Request: POST /auth/login
[INFO] 2024/03/10 21:45:01 Request: GET /users/1
[INFO] 2024/03/10 21:45:03 Request: POST /auth/login
[INFO] 2024/03/10 21:45:03 Request: GET /users/1
[INFO] 2024/03/10 21:45:04 Request: POST /auth/login
[INFO] 2024/03/10 21:45:04 Request: GET /users/1
[INFO] 2024/03/10 21:45:04 Request: POST /auth/login
[INFO] 2024/03/10 21:45:04 Request: GET /users/1
[INFO] 2024/03/10 21:45:04 Request: POST /auth/login
[INFO] 2024/03/10 21:45:04 Request: GET /users/1
[INFO] 2024/03/10 21:45:27 Request: GET /users/undefined
[INFO] 2024/03/10 21:45:27 Request: GET /users/undefined
[INFO] 2024/03/10 21:45:30 Request: POST /auth/login
[INFO] 2024/03/10 21:45:31 Request: GET /users/1
[INFO] 2024/03/10 21:45:31 Request: POST /auth/login
[INFO] 2024/03/10 21:45:31 Request: GET /users/1
[INFO] 2024/03/10 21:45:33 Request: POST /auth/login
[INFO] 2024/03/10 21:45:33 Request: GET /users/1
[INFO] 2024/03/10 21:45:34 Request: POST /auth/login
[INFO] 2024/03/10 21:45:34 Request: GET /users/1
[INFO] 2024/03/10 21:45:34 Request: POST /auth/login
[INFO] 2024/03/10 21:45:34 Request: GET /users/1
[INFO] 2024/03/10 21:45:35 Request: POST /auth/login
[INFO] 2024/03/10 21:45:35 Request: GET /users/1
[INFO] 2024/03/10 21:45:37 Request: POST /auth/login
[INFO] 2024/03/10 21:45:37 Request: GET /users/1
[INFO] 2024/03/10 21:45:37 Request: POST /auth/login
[INFO] 2024/03/10 21:45:37 Request: GET /users/1
[INFO] 2024/03/10 21:45:38 Request: POST /auth/login
[INFO] 2024/03/10 21:45:38 Request: GET /users/1
[INFO] 2024/03/10 21:45:38 Request: POST /auth/login
[INFO] 2024/03/10 21:45:38 Request: GET /users/1
[INFO] 2024/03/10 21:45:38 Request: POST /auth/login
[INFO] 2024/03/10 21:45:38 Request: GET /users/1
[INFO] 2024/03/10 21:45:38 Request: POST /auth/login
[INFO] 2024/03/10 21:45:38 Request: GET /users/1
[INFO] 2024/03/10 21:45:38 Request: POST /auth/login
[INFO] 2024/03/10 21:45:38 Request: GET /users/1
[INFO] 2024/03/10 21:45:39 Request: POST /auth/login
[INFO] 2024/03/10 21:45:39 Request: GET /users/1
[INFO] 2024/03/10 21:45:39 Request: POST /auth/login
[INFO] 2024/03/10 21:45:39 Request: GET /users/1
[INFO] 2024/03/10 21:46:48 Request: GET /users/1
[INFO] 2024/03/10 21:46:48 Request: GET /users/1
[INFO] 2024/03/10 21:47:06 Request: GET /users/undefined
[INFO] 2024/03/10 21:47:06 Request: GET /users/undefined
[INFO] 2024/03/10 21:47:17 Request: GET /users/undefined
[INFO] 2024/03/10 21:47:19 Request: GET /users/undefined
[INFO] 2024/03/10 21:47:19 Request: GET /users/undefined
[INFO] 2024/03/10 21:47:29 Request: GET /users/undefined
[INFO] 2024/03/10 21:47:36 Request: GET /users/undefined
[INFO] 2024/03/10 21:47:37 Request: GET /users/undefined
[INFO] 2024/03/10 21:47:37 Request: GET /users/undefined
[INFO] 2024/03/10 21:47:50 Request: POST /auth/login
[INFO] 2024/03/10 21:47:55 Request: POST /auth/login
[INFO] 2024/03/10 21:47:55 Request: GET /users/1
[INFO] 2024/03/10 21:49:18 Request: GET /users/1
[INFO] 2024/03/10 21:49:31 Request: GET /users/1
[INFO] 2024/03/10 21:49:36 Request: GET /users/1
[INFO] 2024/03/10 21:56:45 Request: POST /auth/login
[INFO] 2024/03/10 21:56:45 Request: GET /users/1
[INFO] 2024/03/10 21:56:59 Request: POST /auth/login
[INFO] 2024/03/10 21:56:59 Request: GET /users/1
[INFO] 2024/03/10 21:57:16 Request: POST /auth/login
[INFO] 2024/03/10 21:57:16 Request: GET /users/1
[INFO] 2024/03/10 21:57:20 Request: POST /auth/login
[INFO] 2024/03/10 21:57:20 Request: GET /users/1
[INFO] 2024/03/10 22:00:46 Request: GET /users/1
[INFO] 2024/03/10 22:00:46 Request: GET /users/1
[INFO] 2024/03/10 22:00:52 Request: POST /auth/login
[INFO] 2024/03/10 22:00:52 Request: GET /users/1
[INFO] 2024/03/10 22:03:44 Request: POST /auth/login
[INFO] 2024/03/10 22:03:47 Request: POST /auth/login
[INFO] 2024/03/10 22:03:52 Request: POST /auth/login
[INFO] 2024/03/10 22:03:53 Request: GET /users/1
[INFO] 2024/03/10 22:04:21 Request: POST /auth/login
[INFO] 2024/03/10 22:04:21 Request: GET /users/1
[INFO] 2024/03/10 22:04:25 Request: POST /auth/login
[INFO] 2024/03/10 22:04:25 Request: GET /users/1
[INFO] 2024/03/10 22:04:27 Request: POST /auth/login
[INFO] 2024/03/10 22:04:28 Request: GET /users/1
[INFO] 2024/03/10 22:04:28 Request: POST /auth/login
[INFO] 2024/03/10 22:04:28 Request: GET /users/1
[INFO] 2024/03/10 22:04:28 Request: POST /auth/login
[INFO] 2024/03/10 22:04:28 Request: GET /users/1
[INFO] 2024/03/10 22:04:29 Request: POST /auth/login
[INFO] 2024/03/10 22:04:29 Request: GET /users/1
[INFO] 2024/03/10 22:04:29 Request: POST /auth/login
[INFO] 2024/03/10 22:04:29 Request: GET /users/1
[INFO] 2024/03/10 22:04:35 Request: POST /auth/login
[INFO] 2024/03/10 22:04:35 Request: GET /users/1
[INFO] 2024/03/10 22:04:35 Request: POST /auth/login
[INFO] 2024/03/10 22:04:35 Request: GET /users/1
[INFO] 2024/03/10 22:04:35 Request: POST /auth/login
[INFO] 2024/03/10 22:04:35 Request: GET /users/1
[INFO] 2024/03/10 22:04:52 Request: POST /auth/login
[INFO] 2024/03/10 22:04:55 Request: POST /auth/login
[INFO] 2024/03/10 22:05:07 Request: POST /auth/login
[INFO] 2024/03/10 22:05:08 Request: POST /auth/login
[INFO] 2024/03/10 22:05:19 Request: POST /auth/login
[INFO] 2024/03/10 22:05:21 Request: POST /auth/login
[INFO] 2024/03/10 22:06:22 Request: POST /auth/login
[INFO] 2024/03/10 22:06:24 Request: POST /auth/login
[INFO] 2024/03/10 22:06:26 Request: POST /auth/login
[INFO] 2024/03/10 22:06:26 Request: POST /auth/login
[INFO] 2024/03/10 22:06:57 Request: POST /auth/login
[INFO] 2024/03/10 22:06:57 Request: GET /users/1
[INFO] 2024/03/10 22:06:59 Request: POST /auth/login
[INFO] 2024/03/10 22:06:59 Request: GET /users/1
[INFO] 2024/03/10 22:07:00 Request: POST /auth/login
[INFO] 2024/03/10 22:07:00 Request: GET /users/1
[INFO] 2024/03/10 22:07:02 Request: POST /auth/login
[INFO] 2024/03/10 22:07:04 Request: POST /auth/login
[INFO] 2024/03/10 22:07:06 Request: POST /auth/login
[INFO] 2024/03/10 22:07:08 Request: POST /auth/login
[INFO] 2024/03/10 22:07:18 Request: POST /auth/login
[INFO] 2024/03/10 22:07:42 Request: POST /auth/login
[INFO] 2024/03/10 22:07:46 Request: POST /auth/login
[INFO] 2024/03/10 22:08:01 Request: POST /auth/login
[INFO] 2024/03/10 22:08:05 Request: POST /auth/login
[INFO] 2024/03/10 22:08:15 Request: POST /auth/login
[INFO] 2024/03/10 22:08:39 Request: POST /auth/login
[INFO] 2024/03/10 22:11:35 Request: POST /auth/login
[INFO] 2024/03/10 22:11:35 Request: GET /users/1
[INFO] 2024/03/10 22:11:40 Request: POST /auth/login
[INFO] 2024/03/10 22:11:40 Request: GET /users/1
[INFO] 2024/03/10 22:12:06 Request: POST /auth/login
[INFO] 2024/03/10 22:12:06 Request: GET /users/1
[INFO] 2024/03/10 22:12:26 Request: POST /auth/login
[INFO] 2024/03/10 22:12:26 Request: GET /users/1
[INFO] 2024/03/10 22:12:41 Request: POST /auth/login
[INFO] 2024/03/10 22:12:41 Request: GET /users/1
[INFO] 2024/03/10 22:12:55 Request: POST /auth/login
[INFO] 2024/03/10 22:12:55 Request: GET /users/1
[INFO] 2024/03/10 22:13:55 Request: POST /auth/login
[INFO] 2024/03/10 22:13:56 Request: GET /users/1
[INFO] 2024/03/10 22:14:43 Request: POST /auth/login
[INFO] 2024/03/10 22:14:43 Request: GET /users/1
[INFO] 2024/03/10 22:15:51 Request: POST /auth/login
[INFO] 2024/03/10 22:15:52 Request: GET /users/1
[INFO] 2024/03/10 22:15:57 Request: POST /auth/login
[INFO] 2024/03/10 22:15:57 Request: GET /users/1
[INFO] 2024/03/10 22:16:10 Request: POST /auth/login
[INFO] 2024/03/10 22:16:10 Request: GET /users/1
[INFO] 2024/03/10 22:19:40 Request: GET /users/1
[INFO] 2024/03/10 22:19:40 Request: GET /users/1
[INFO] 2024/03/10 22:19:50 Request: GET /users/1
[INFO] 2024/03/10 22:19:50 Request: GET /users/1
[INFO] 2024/03/10 22:20:30 Request: POST /auth/login
[INFO] 2024/03/10 22:20:30 Request: GET /users/1
[INFO] 2024/03/10 22:20:36 Request: POST /auth/login
[INFO] 2024/03/10 22:20:40 Request: POST /auth/login
[INFO] 2024/03/10 22:24:36 Request: POST /auth/login
[INFO] 2024/03/10 22:24:36 Request: GET /users/1
[INFO] 2024/03/10 22:24:41 Request: POST /auth/login
[INFO] 2024/03/10 22:30:01 Request: POST /auth/register
[INFO] 2024/03/10 22:34:22 Request: POST /auth/register
[INFO] 2024/03/10 22:34:26 Request: POST /auth/register
[INFO] 2024/03/10 22:34:49 Request: POST /auth/register
[INFO] 2024/03/10 22:34:53 Request: POST /auth/register
[INFO] 2024/03/10 22:51:28 Request: POST /auth/register
[INFO] 2024/03/10 22:53:00 Request: POST /auth/register
[INFO] 2024/03/10 22:53:25 Request: POST /auth/register
[INFO] 2024/03/10 22:53:25 Request: GET /users/7
[INFO] 2024/03/10 22:56:10 Request: POST /auth/register
[INFO] 2024/03/10 22:56:13 Request: POST /auth/register
[INFO] 2024/03/10 22:56:19 Request: POST /auth/register
[INFO] 2024/03/10 22:56:32 Request: POST /auth/register
[INFO] 2024/03/10 22:56:37 Request: POST /auth/register
[INFO] 2024/03/10 22:56:49 Request: POST /auth/register
[INFO] 2024/03/10 22:56:54 Request: POST /auth/register
[INFO] 2024/03/10 22:56:58 Request: POST /auth/register
[INFO] 2024/03/10 23:04:41 Request: POST /auth/login
[INFO] 2024/03/10 23:04:41 Request: GET /users/7
[INFO] 2024/03/10 23:04:45 Request: POST /auth/login
[INFO] 2024/03/10 23:04:45 Request: GET /users/7
[INFO] 2024/03/10 23:04:58 Request: POST /auth/login
[INFO] 2024/03/10 23:04:58 Request: GET /users/7
[INFO] 2024/03/10 23:05:01 Request: POST /auth/login
[INFO] 2024/03/10 23:05:01 Request: GET /users/7
[INFO] 2024/03/10 23:05:20 Request: POST /auth/login
[INFO] 2024/03/10 23:05:21 Request: GET /users/7
[INFO] 2024/03/10 23:05:28 Request: POST /auth/login
[INFO] 2024/03/10 23:05:28 Request: GET /users/7
[INFO] 2024/03/10 23:05:38 Request: POST /auth/login
[INFO] 2024/03/10 23:05:38 Request: GET /users/7
[INFO] 2024/03/10 23:06:55 Request: POST /auth/login
[INFO] 2024/03/10 23:06:55 Request: GET /users/7
[INFO] 2024/03/10 23:06:56 Request: POST /auth/login
[INFO] 2024/03/10 23:06:56 Request: GET /users/7
[INFO] 2024/03/10 23:06:58 Request: POST /auth/login
[INFO] 2024/03/10 23:06:58 Request: GET /users/7
[INFO] 2024/03/10 23:07:27 Request: POST /auth/login
[INFO] 2024/03/10 23:07:27 Request: GET /users/7
[INFO] 2024/03/10 23:07:29 Request: POST /auth/login
[INFO] 2024/03/10 23:07:29 Request: GET /users/7
[INFO] 2024/03/10 23:07:30 Request: POST /auth/login
[INFO] 2024/03/10 23:07:30 Request: GET /users/7
[INFO] 2024/03/10 23:07:30 Request: POST /auth/login
[INFO] 2024/03/10 23:07:30 Request: GET /users/7
[INFO] 2024/03/10 23:12:59 Request: POST /auth/register
[INFO] 2024/03/10 23:12:59 Request: GET /users/16
[INFO] 2024/03/10 23:14:04 Request: POST /auth/register
[INFO] 2024/03/10 23:14:07 Request: POST /auth/register
[INFO] 2024/03/10 23:14:11 Request: POST /auth/register
[INFO] 2024/03/10 23:14:11 Request: GET /users/17
[INFO] 2024/03/10 23:14:34 Request: POST /auth/register
[INFO] 2024/03/10 23:14:34 Request: GET /users/18
[INFO] 2024/03/10 23:14:42 Request: POST /auth/register
[INFO] 2024/03/10 23:14:46 Request: POST /auth/register
[INFO] 2024/03/10 23:14:53 Request: POST /auth/register
[INFO] 2024/03/10 23:14:58 Request: POST /auth/register
[INFO] 2024/03/10 23:15:00 Request: POST /auth/register
[INFO] 2024/03/10 23:15:00 Request: GET /users/23
[INFO] 2024/03/10 23:15:01 Request: POST /auth/register
[INFO] 2024/03/10 23:15:04 Request: POST /auth/register
[INFO] 2024/03/10 23:15:04 Request: GET /users/25
[INFO] 2024/03/10 23:15:06 Request: POST /auth/register
[INFO] 2024/03/10 23:15:07 Request: POST /auth/register
[INFO] 2024/03/10 23:15:09 Request: POST /auth/register
[INFO] 2024/03/10 23:15:09 Request: GET /users/28
[INFO] 2024/03/10 23:15:21 Request: POST /auth/register
[INFO] 2024/03/10 23:15:24 Request: POST /auth/register
[INFO] 2024/03/10 23:15:27 Request: POST /auth/register
[INFO] 2024/03/10 23:15:29 Request: POST /auth/register
[INFO] 2024/03/10 23:15:29 Request: POST /auth/register
[INFO] 2024/03/10 23:15:29 Request: POST /auth/register
[INFO] 2024/03/10 23:15:29 Request: POST /auth/register
[INFO] 2024/03/10 23:15:32 Request: POST /auth/register
[INFO] 2024/03/10 23:15:32 Request: GET /users/36
[INFO] 2024/03/10 23:15:44 Request: POST /auth/register
[INFO] 2024/03/10 23:15:44 Request: GET /users/37
